@!@!@STARTMSG 2262:0 @!@!@
TLC2 Version 2.06 of 9 May 2015
@!@!@ENDMSG 2262 @!@!@
@!@!@STARTMSG 2187:0 @!@!@
Running in Model-Checking mode.
@!@!@ENDMSG 2187 @!@!@
@!@!@STARTMSG 2220:0 @!@!@
Starting SANY...
@!@!@ENDMSG 2220 @!@!@
Parsing file MC.tla
Parsing file MC_mutex_merz.tla
Parsing file C:\Users\ASUS\Desktop\toolbox\plugins\org.lamport.tlatools_1.0.0.201505120857\tla2sany\StandardModules\TLC.tla
Parsing file mutex_merz.tla
Parsing file C:\Users\ASUS\Desktop\toolbox\plugins\org.lamport.tlatools_1.0.0.201505120857\tla2sany\StandardModules\Naturals.tla
Parsing file C:\Users\ASUS\Desktop\toolbox\plugins\org.lamport.tlatools_1.0.0.201505120857\tla2sany\StandardModules\Sequences.tla
Semantic processing of module Naturals
Semantic processing of module Sequences
Semantic processing of module TLC
Semantic processing of module mutex_merz
Semantic processing of module MC_mutex_merz
Semantic processing of module MC
@!@!@STARTMSG 2219:0 @!@!@
SANY finished.
@!@!@ENDMSG 2219 @!@!@
@!@!@STARTMSG 2185:0 @!@!@
Starting... (2015-10-05 20:47:19)
@!@!@ENDMSG 2185 @!@!@
@!@!@STARTMSG 2212:0 @!@!@
Implied-temporal checking--satisfiability problem has 2 branches.
@!@!@ENDMSG 2212 @!@!@
@!@!@STARTMSG 2189:0 @!@!@
Computing initial states...
@!@!@ENDMSG 2189 @!@!@
@!@!@STARTMSG 2190:0 @!@!@
Finished computing initial states: 1 distinct state generated.
@!@!@ENDMSG 2190 @!@!@
@!@!@STARTMSG 2192:0 @!@!@
Checking temporal properties for the complete state space with 2660 distinct states at (2015-10-05 20:47:20)
@!@!@ENDMSG 2192 @!@!@
@!@!@STARTMSG 2116:1 @!@!@
Temporal properties were violated.

@!@!@ENDMSG 2116 @!@!@
@!@!@STARTMSG 2264:1 @!@!@
The following behavior constitutes a counter-example:

@!@!@ENDMSG 2264 @!@!@
@!@!@STARTMSG 2217:4 @!@!@
1: <Initial predicate>
/\ Site_data = <<[myClk |-> 0, enter_cs |-> FALSE, reqClk |-> <<0, 0>>, msgClk |-> <<0, 0>>], [myClk |-> 0, enter_cs |-> FALSE, reqClk |-> <<0, 0>>, msgClk |-> <<0, 0>>]>>
/\ cp = 3
/\ pc = <<"site", "site">>
/\ rcvd = <<[kind |-> "", clk |-> 0], [kind |-> "", clk |-> 0]>>
/\ idS = {}
/\ procQueue = <<<<<<>>, <<>>>>, <<<<>>, <<>>>>>>
/\ stack = <<<<>>, <<>>>>
/\ depth = 0

@!@!@ENDMSG 2217 @!@!@
@!@!@STARTMSG 2217:4 @!@!@
2: <Action line 372, col 15 to line 378, col 42 of module mutex_merz>
/\ Site_data = <<[myClk |-> 0, enter_cs |-> FALSE, reqClk |-> <<0, 0>>, msgClk |-> <<0, 0>>], [myClk |-> 0, enter_cs |-> FALSE, reqClk |-> <<0, 0>>, msgClk |-> <<0, 0>>]>>
/\ cp = 3
/\ pc = <<"ncs", "site">>
/\ rcvd = <<[kind |-> "", clk |-> 0], [kind |-> "", clk |-> 0]>>
/\ idS = {}
/\ procQueue = <<<<<<>>, <<>>>>, <<<<>>, <<>>>>>>
/\ stack = <<<<>>, <<>>>>
/\ depth = 0

@!@!@ENDMSG 2217 @!@!@
@!@!@STARTMSG 2217:4 @!@!@
3: <Action line 380, col 14 to line 394, col 68 of module mutex_merz>
/\ Site_data = <<[myClk |-> 0, enter_cs |-> FALSE, reqClk |-> <<0, 0>>, msgClk |-> <<0, 0>>], [myClk |-> 0, enter_cs |-> FALSE, reqClk |-> <<0, 0>>, msgClk |-> <<0, 0>>]>>
/\ cp = 3
/\ pc = <<"rcv_msg1", "site">>
/\ rcvd = <<[kind |-> "", clk |-> 0], [kind |-> "", clk |-> 0]>>
/\ idS = {}
/\ procQueue = <<<<<<>>, <<>>>>, <<<<>>, <<>>>>>>
/\ stack = << << [ pc |-> "continue",
        rcvd |-> [kind |-> "", clk |-> 0],
        procedure |-> "handle_messages" ] >>,
   <<>> >>
/\ depth = 0

@!@!@ENDMSG 2217 @!@!@
@!@!@STARTMSG 2217:4 @!@!@
4: <Action line 372, col 15 to line 378, col 42 of module mutex_merz>
/\ Site_data = <<[myClk |-> 0, enter_cs |-> FALSE, reqClk |-> <<0, 0>>, msgClk |-> <<0, 0>>], [myClk |-> 0, enter_cs |-> FALSE, reqClk |-> <<0, 0>>, msgClk |-> <<0, 0>>]>>
/\ cp = 3
/\ pc = <<"rcv_msg1", "ncs">>
/\ rcvd = <<[kind |-> "", clk |-> 0], [kind |-> "", clk |-> 0]>>
/\ idS = {}
/\ procQueue = <<<<<<>>, <<>>>>, <<<<>>, <<>>>>>>
/\ stack = << << [ pc |-> "continue",
        rcvd |-> [kind |-> "", clk |-> 0],
        procedure |-> "handle_messages" ] >>,
   <<>> >>
/\ depth = 0

@!@!@ENDMSG 2217 @!@!@
@!@!@STARTMSG 2217:4 @!@!@
5: <Action line 380, col 14 to line 394, col 68 of module mutex_merz>
/\ Site_data = <<[myClk |-> 0, enter_cs |-> FALSE, reqClk |-> <<0, 0>>, msgClk |-> <<0, 0>>], [myClk |-> 0, enter_cs |-> FALSE, reqClk |-> <<0, 0>>, msgClk |-> <<0, 0>>]>>
/\ cp = 3
/\ pc = <<"rcv_msg1", "bcrq1">>
/\ rcvd = <<[kind |-> "", clk |-> 0], [kind |-> "", clk |-> 0]>>
/\ idS = {}
/\ procQueue = <<<<<<>>, <<>>>>, <<<<>>, <<>>>>>>
/\ stack = << << [ pc |-> "continue",
        rcvd |-> [kind |-> "", clk |-> 0],
        procedure |-> "handle_messages" ] >>,
   <<[pc |-> "try", procedure |-> "bcst_request"]>> >>
/\ depth = 0

@!@!@ENDMSG 2217 @!@!@
@!@!@STARTMSG 2217:4 @!@!@
6: <Action line 163, col 16 to line 168, col 72 of module mutex_merz>
/\ Site_data = <<[myClk |-> 0, enter_cs |-> FALSE, reqClk |-> <<0, 0>>, msgClk |-> <<0, 0>>], [myClk |-> 0, enter_cs |-> FALSE, reqClk |-> <<0, 0>>, msgClk |-> <<0, 0>>]>>
/\ cp = 2
/\ pc = <<"rcv_msg1", "bcrq2">>
/\ rcvd = <<[kind |-> "", clk |-> 0], [kind |-> "", clk |-> 0]>>
/\ idS = {}
/\ procQueue = <<<<<<>>, <<>>>>, <<<<>>, <<>>>>>>
/\ stack = << << [ pc |-> "continue",
        rcvd |-> [kind |-> "", clk |-> 0],
        procedure |-> "handle_messages" ] >>,
   <<[pc |-> "try", procedure |-> "bcst_request"]>> >>
/\ depth = 1

@!@!@ENDMSG 2217 @!@!@
@!@!@STARTMSG 2217:4 @!@!@
7: <Action line 170, col 16 to line 190, col 67 of module mutex_merz>
/\ Site_data = <<[myClk |-> 0, enter_cs |-> FALSE, reqClk |-> <<0, 0>>, msgClk |-> <<0, 0>>], [myClk |-> 0, enter_cs |-> FALSE, reqClk |-> <<0, 0>>, msgClk |-> <<0, 0>>]>>
/\ cp = 2
/\ pc = <<"rcv_msg1", "bcrq2">>
/\ rcvd = <<[kind |-> "", clk |-> 0], [kind |-> "", clk |-> 0]>>
/\ idS = {1}
/\ procQueue = <<<<<<>>, <<>>>>, <<<<>>, <<>>>>>>
/\ stack = << << [ pc |-> "continue",
        rcvd |-> [kind |-> "", clk |-> 0],
        procedure |-> "handle_messages" ] >>,
   <<[pc |-> "try", procedure |-> "bcst_request"]>> >>
/\ depth = 1

@!@!@ENDMSG 2217 @!@!@
@!@!@STARTMSG 2217:4 @!@!@
8: <Action line 170, col 16 to line 190, col 67 of module mutex_merz>
/\ Site_data = <<[myClk |-> 0, enter_cs |-> FALSE, reqClk |-> <<0, 0>>, msgClk |-> <<0, 0>>], [myClk |-> 0, enter_cs |-> FALSE, reqClk |-> <<0, 0>>, msgClk |-> <<0, 0>>]>>
/\ cp = 2
/\ pc = <<"rcv_msg1", "bcrq3">>
/\ rcvd = <<[kind |-> "", clk |-> 0], [kind |-> "", clk |-> 0]>>
/\ idS = {}
/\ procQueue = <<<<<<>>, <<[kind |-> "request", clk |-> 0]>>>>, <<<<>>, <<>>>>>>
/\ stack = << << [ pc |-> "continue",
        rcvd |-> [kind |-> "", clk |-> 0],
        procedure |-> "handle_messages" ] >>,
   <<[pc |-> "try", procedure |-> "bcst_request"]>> >>
/\ depth = 1

@!@!@ENDMSG 2217 @!@!@
@!@!@STARTMSG 2217:4 @!@!@
9: <Action line 194, col 16 to line 200, col 61 of module mutex_merz>
/\ Site_data = <<[myClk |-> 0, enter_cs |-> FALSE, reqClk |-> <<0, 0>>, msgClk |-> <<0, 0>>], [myClk |-> 0, enter_cs |-> FALSE, reqClk |-> <<0, 0>>, msgClk |-> <<0, 0>>]>>
/\ cp = 3
/\ pc = <<"rcv_msg1", "end_bcrq">>
/\ rcvd = <<[kind |-> "", clk |-> 0], [kind |-> "", clk |-> 0]>>
/\ idS = {}
/\ procQueue = <<<<<<>>, <<[kind |-> "request", clk |-> 0]>>>>, <<<<>>, <<>>>>>>
/\ stack = << << [ pc |-> "continue",
        rcvd |-> [kind |-> "", clk |-> 0],
        procedure |-> "handle_messages" ] >>,
   <<[pc |-> "try", procedure |-> "bcst_request"]>> >>
/\ depth = 0

@!@!@ENDMSG 2217 @!@!@
@!@!@STARTMSG 2217:4 @!@!@
10: <Action line 259, col 19 to line 264, col 75 of module mutex_merz>
/\ Site_data = <<[myClk |-> 0, enter_cs |-> FALSE, reqClk |-> <<0, 0>>, msgClk |-> <<0, 0>>], [myClk |-> 0, enter_cs |-> FALSE, reqClk |-> <<0, 0>>, msgClk |-> <<0, 0>>]>>
/\ cp = 1
/\ pc = <<"rcv_msg2", "end_bcrq">>
/\ rcvd = <<[kind |-> "", clk |-> 0], [kind |-> "", clk |-> 0]>>
/\ idS = {}
/\ procQueue = <<<<<<>>, <<[kind |-> "request", clk |-> 0]>>>>, <<<<>>, <<>>>>>>
/\ stack = << << [ pc |-> "continue",
        rcvd |-> [kind |-> "", clk |-> 0],
        procedure |-> "handle_messages" ] >>,
   <<[pc |-> "try", procedure |-> "bcst_request"]>> >>
/\ depth = 1

@!@!@ENDMSG 2217 @!@!@
@!@!@STARTMSG 2217:4 @!@!@
11: <Action line 266, col 19 to line 351, col 53 of module mutex_merz>
/\ Site_data = <<[myClk |-> 0, enter_cs |-> FALSE, reqClk |-> <<0, 0>>, msgClk |-> <<0, 0>>], [myClk |-> 0, enter_cs |-> FALSE, reqClk |-> <<0, 0>>, msgClk |-> <<0, 0>>]>>
/\ cp = 1
/\ pc = <<"rcv_msg2", "end_bcrq">>
/\ rcvd = <<[kind |-> "", clk |-> 0], [kind |-> "", clk |-> 0]>>
/\ idS = 1..2
/\ procQueue = <<<<<<>>, <<[kind |-> "request", clk |-> 0]>>>>, <<<<>>, <<>>>>>>
/\ stack = << << [ pc |-> "continue",
        rcvd |-> [kind |-> "", clk |-> 0],
        procedure |-> "handle_messages" ] >>,
   <<[pc |-> "try", procedure |-> "bcst_request"]>> >>
/\ depth = 1

@!@!@ENDMSG 2217 @!@!@
@!@!@STARTMSG 2217:4 @!@!@
12: <Action line 266, col 19 to line 351, col 53 of module mutex_merz>
/\ Site_data = <<[myClk |-> 0, enter_cs |-> FALSE, reqClk |-> <<0, 0>>, msgClk |-> <<0, 0>>], [myClk |-> 0, enter_cs |-> FALSE, reqClk |-> <<0, 0>>, msgClk |-> <<0, 0>>]>>
/\ cp = 1
/\ pc = <<"rcv_msg2", "end_bcrq">>
/\ rcvd = <<[kind |-> "", clk |-> 0], [kind |-> "", clk |-> 0]>>
/\ idS = {2}
/\ procQueue = <<<<<<>>, <<[kind |-> "request", clk |-> 0]>>>>, <<<<>>, <<>>>>>>
/\ stack = << << [ pc |-> "continue",
        rcvd |-> [kind |-> "", clk |-> 0],
        procedure |-> "handle_messages" ] >>,
   <<[pc |-> "try", procedure |-> "bcst_request"]>> >>
/\ depth = 1

@!@!@ENDMSG 2217 @!@!@
@!@!@STARTMSG 2217:4 @!@!@
13: <Action line 266, col 19 to line 351, col 53 of module mutex_merz>
/\ Site_data = <<[myClk |-> 1, enter_cs |-> FALSE, reqClk |-> <<0, 0>>, msgClk |-> <<0, 0>>], [myClk |-> 0, enter_cs |-> FALSE, reqClk |-> <<0, 0>>, msgClk |-> <<0, 0>>]>>
/\ cp = 1
/\ pc = <<"rcv_msg3", "end_bcrq">>
/\ rcvd = <<[kind |-> "request", clk |-> 0], [kind |-> "", clk |-> 0]>>
/\ idS = {}
/\ procQueue = <<<<<<>>, <<>>>>, <<<<[kind |-> "ack", clk |-> 1]>>, <<>>>>>>
/\ stack = << << [ pc |-> "continue",
        rcvd |-> [kind |-> "", clk |-> 0],
        procedure |-> "handle_messages" ] >>,
   <<[pc |-> "try", procedure |-> "bcst_request"]>> >>
/\ depth = 1

@!@!@ENDMSG 2217 @!@!@
@!@!@STARTMSG 2217:4 @!@!@
14: <Action line 353, col 19 to line 359, col 75 of module mutex_merz>
/\ Site_data = <<[myClk |-> 1, enter_cs |-> FALSE, reqClk |-> <<0, 0>>, msgClk |-> <<0, 0>>], [myClk |-> 0, enter_cs |-> FALSE, reqClk |-> <<0, 0>>, msgClk |-> <<0, 0>>]>>
/\ cp = 3
/\ pc = <<"end_rcv", "end_bcrq">>
/\ rcvd = <<[kind |-> "request", clk |-> 0], [kind |-> "", clk |-> 0]>>
/\ idS = {}
/\ procQueue = <<<<<<>>, <<>>>>, <<<<[kind |-> "ack", clk |-> 1]>>, <<>>>>>>
/\ stack = << << [ pc |-> "continue",
        rcvd |-> [kind |-> "", clk |-> 0],
        procedure |-> "handle_messages" ] >>,
   <<[pc |-> "try", procedure |-> "bcst_request"]>> >>
/\ depth = 0

@!@!@ENDMSG 2217 @!@!@
@!@!@STARTMSG 2217:4 @!@!@
15: <Action line 362, col 18 to line 367, col 72 of module mutex_merz>
/\ Site_data = <<[myClk |-> 1, enter_cs |-> FALSE, reqClk |-> <<0, 0>>, msgClk |-> <<0, 0>>], [myClk |-> 0, enter_cs |-> FALSE, reqClk |-> <<0, 0>>, msgClk |-> <<0, 0>>]>>
/\ cp = 3
/\ pc = <<"continue", "end_bcrq">>
/\ rcvd = <<[kind |-> "", clk |-> 0], [kind |-> "", clk |-> 0]>>
/\ idS = {}
/\ procQueue = <<<<<<>>, <<>>>>, <<<<[kind |-> "ack", clk |-> 1]>>, <<>>>>>>
/\ stack = <<<<>>, <<[pc |-> "try", procedure |-> "bcst_request"]>>>>
/\ depth = 0

@!@!@ENDMSG 2217 @!@!@
@!@!@STARTMSG 2217:4 @!@!@
16: <Action line 202, col 19 to line 206, col 79 of module mutex_merz>
/\ Site_data = <<[myClk |-> 1, enter_cs |-> FALSE, reqClk |-> <<0, 0>>, msgClk |-> <<0, 0>>], [myClk |-> 0, enter_cs |-> FALSE, reqClk |-> <<0, 0>>, msgClk |-> <<0, 0>>]>>
/\ cp = 3
/\ pc = <<"continue", "try">>
/\ rcvd = <<[kind |-> "", clk |-> 0], [kind |-> "", clk |-> 0]>>
/\ idS = {}
/\ procQueue = <<<<<<>>, <<>>>>, <<<<[kind |-> "ack", clk |-> 1]>>, <<>>>>>>
/\ stack = <<<<>>, <<>>>>
/\ depth = 0

@!@!@ENDMSG 2217 @!@!@
@!@!@STARTMSG 2217:4 @!@!@
17: <Action line 396, col 19 to line 400, col 46 of module mutex_merz>
/\ Site_data = <<[myClk |-> 1, enter_cs |-> FALSE, reqClk |-> <<0, 0>>, msgClk |-> <<0, 0>>], [myClk |-> 0, enter_cs |-> FALSE, reqClk |-> <<0, 0>>, msgClk |-> <<0, 0>>]>>
/\ cp = 3
/\ pc = <<"ncs", "try">>
/\ rcvd = <<[kind |-> "", clk |-> 0], [kind |-> "", clk |-> 0]>>
/\ idS = {}
/\ procQueue = <<<<<<>>, <<>>>>, <<<<[kind |-> "ack", clk |-> 1]>>, <<>>>>>>
/\ stack = <<<<>>, <<>>>>
/\ depth = 0

@!@!@ENDMSG 2217 @!@!@
@!@!@STARTMSG 2217:4 @!@!@
18: <Action line 380, col 14 to line 394, col 68 of module mutex_merz>
/\ Site_data = <<[myClk |-> 1, enter_cs |-> FALSE, reqClk |-> <<0, 0>>, msgClk |-> <<0, 0>>], [myClk |-> 0, enter_cs |-> FALSE, reqClk |-> <<0, 0>>, msgClk |-> <<0, 0>>]>>
/\ cp = 3
/\ pc = <<"bcrq1", "try">>
/\ rcvd = <<[kind |-> "", clk |-> 0], [kind |-> "", clk |-> 0]>>
/\ idS = {}
/\ procQueue = <<<<<<>>, <<>>>>, <<<<[kind |-> "ack", clk |-> 1]>>, <<>>>>>>
/\ stack = <<<<[pc |-> "try", procedure |-> "bcst_request"]>>, <<>>>>
/\ depth = 0

@!@!@ENDMSG 2217 @!@!@
@!@!@STARTMSG 2217:4 @!@!@
19: <Action line 163, col 16 to line 168, col 72 of module mutex_merz>
/\ Site_data = <<[myClk |-> 1, enter_cs |-> FALSE, reqClk |-> <<0, 0>>, msgClk |-> <<0, 0>>], [myClk |-> 0, enter_cs |-> FALSE, reqClk |-> <<0, 0>>, msgClk |-> <<0, 0>>]>>
/\ cp = 1
/\ pc = <<"bcrq2", "try">>
/\ rcvd = <<[kind |-> "", clk |-> 0], [kind |-> "", clk |-> 0]>>
/\ idS = {}
/\ procQueue = <<<<<<>>, <<>>>>, <<<<[kind |-> "ack", clk |-> 1]>>, <<>>>>>>
/\ stack = <<<<[pc |-> "try", procedure |-> "bcst_request"]>>, <<>>>>
/\ depth = 1

@!@!@ENDMSG 2217 @!@!@
@!@!@STARTMSG 2217:4 @!@!@
20: <Action line 170, col 16 to line 190, col 67 of module mutex_merz>
/\ Site_data = <<[myClk |-> 1, enter_cs |-> FALSE, reqClk |-> <<0, 0>>, msgClk |-> <<0, 0>>], [myClk |-> 0, enter_cs |-> FALSE, reqClk |-> <<0, 0>>, msgClk |-> <<0, 0>>]>>
/\ cp = 1
/\ pc = <<"bcrq2", "try">>
/\ rcvd = <<[kind |-> "", clk |-> 0], [kind |-> "", clk |-> 0]>>
/\ idS = {2}
/\ procQueue = <<<<<<>>, <<>>>>, <<<<[kind |-> "ack", clk |-> 1]>>, <<>>>>>>
/\ stack = <<<<[pc |-> "try", procedure |-> "bcst_request"]>>, <<>>>>
/\ depth = 1

@!@!@ENDMSG 2217 @!@!@
@!@!@STARTMSG 2217:4 @!@!@
21: <Action line 170, col 16 to line 190, col 67 of module mutex_merz>
/\ Site_data = <<[myClk |-> 1, enter_cs |-> FALSE, reqClk |-> <<0, 0>>, msgClk |-> <<0, 0>>], [myClk |-> 0, enter_cs |-> FALSE, reqClk |-> <<0, 0>>, msgClk |-> <<0, 0>>]>>
/\ cp = 1
/\ pc = <<"bcrq3", "try">>
/\ rcvd = <<[kind |-> "", clk |-> 0], [kind |-> "", clk |-> 0]>>
/\ idS = {}
/\ procQueue = << <<<<>>, <<>>>>,
   <<<<[kind |-> "ack", clk |-> 1], [kind |-> "request", clk |-> 1]>>, <<>>>> >>
/\ stack = <<<<[pc |-> "try", procedure |-> "bcst_request"]>>, <<>>>>
/\ depth = 1

@!@!@ENDMSG 2217 @!@!@
@!@!@STARTMSG 2217:4 @!@!@
22: <Action line 194, col 16 to line 200, col 61 of module mutex_merz>
/\ Site_data = <<[myClk |-> 1, enter_cs |-> FALSE, reqClk |-> <<1, 0>>, msgClk |-> <<0, 0>>], [myClk |-> 0, enter_cs |-> FALSE, reqClk |-> <<0, 0>>, msgClk |-> <<0, 0>>]>>
/\ cp = 3
/\ pc = <<"end_bcrq", "try">>
/\ rcvd = <<[kind |-> "", clk |-> 0], [kind |-> "", clk |-> 0]>>
/\ idS = {}
/\ procQueue = << <<<<>>, <<>>>>,
   <<<<[kind |-> "ack", clk |-> 1], [kind |-> "request", clk |-> 1]>>, <<>>>> >>
/\ stack = <<<<[pc |-> "try", procedure |-> "bcst_request"]>>, <<>>>>
/\ depth = 0

@!@!@ENDMSG 2217 @!@!@
@!@!@STARTMSG 2217:4 @!@!@
23: <Action line 202, col 19 to line 206, col 79 of module mutex_merz>
/\ Site_data = <<[myClk |-> 1, enter_cs |-> FALSE, reqClk |-> <<1, 0>>, msgClk |-> <<0, 0>>], [myClk |-> 0, enter_cs |-> FALSE, reqClk |-> <<0, 0>>, msgClk |-> <<0, 0>>]>>
/\ cp = 3
/\ pc = <<"try", "try">>
/\ rcvd = <<[kind |-> "", clk |-> 0], [kind |-> "", clk |-> 0]>>
/\ idS = {}
/\ procQueue = << <<<<>>, <<>>>>,
   <<<<[kind |-> "ack", clk |-> 1], [kind |-> "request", clk |-> 1]>>, <<>>>> >>
/\ stack = <<<<>>, <<>>>>
/\ depth = 0

@!@!@ENDMSG 2217 @!@!@
@!@!@STARTMSG 2217:4 @!@!@
24: <Action line 402, col 14 to line 414, col 68 of module mutex_merz>
/\ Site_data = <<[myClk |-> 1, enter_cs |-> FALSE, reqClk |-> <<1, 0>>, msgClk |-> <<0, 0>>], [myClk |-> 0, enter_cs |-> FALSE, reqClk |-> <<0, 0>>, msgClk |-> <<0, 0>>]>>
/\ cp = 3
/\ pc = <<"rcv_msg1", "try">>
/\ rcvd = <<[kind |-> "", clk |-> 0], [kind |-> "", clk |-> 0]>>
/\ idS = {}
/\ procQueue = << <<<<>>, <<>>>>,
   <<<<[kind |-> "ack", clk |-> 1], [kind |-> "request", clk |-> 1]>>, <<>>>> >>
/\ stack = << << [ pc |-> "check",
        rcvd |-> [kind |-> "", clk |-> 0],
        procedure |-> "handle_messages" ] >>,
   <<>> >>
/\ depth = 0

@!@!@ENDMSG 2217 @!@!@
@!@!@STARTMSG 2217:4 @!@!@
25: <Action line 402, col 14 to line 414, col 68 of module mutex_merz>
/\ Site_data = <<[myClk |-> 1, enter_cs |-> FALSE, reqClk |-> <<1, 0>>, msgClk |-> <<0, 0>>], [myClk |-> 0, enter_cs |-> FALSE, reqClk |-> <<0, 0>>, msgClk |-> <<0, 0>>]>>
/\ cp = 3
/\ pc = <<"rcv_msg1", "rcv_msg1">>
/\ rcvd = <<[kind |-> "", clk |-> 0], [kind |-> "", clk |-> 0]>>
/\ idS = {}
/\ procQueue = << <<<<>>, <<>>>>,
   <<<<[kind |-> "ack", clk |-> 1], [kind |-> "request", clk |-> 1]>>, <<>>>> >>
/\ stack = << << [ pc |-> "check",
        rcvd |-> [kind |-> "", clk |-> 0],
        procedure |-> "handle_messages" ] >>,
   << [ pc |-> "check",
        rcvd |-> [kind |-> "", clk |-> 0],
        procedure |-> "handle_messages" ] >> >>
/\ depth = 0

@!@!@ENDMSG 2217 @!@!@
@!@!@STARTMSG 2217:4 @!@!@
26: <Action line 259, col 19 to line 264, col 75 of module mutex_merz>
/\ Site_data = <<[myClk |-> 1, enter_cs |-> FALSE, reqClk |-> <<1, 0>>, msgClk |-> <<0, 0>>], [myClk |-> 0, enter_cs |-> FALSE, reqClk |-> <<0, 0>>, msgClk |-> <<0, 0>>]>>
/\ cp = 2
/\ pc = <<"rcv_msg1", "rcv_msg2">>
/\ rcvd = <<[kind |-> "", clk |-> 0], [kind |-> "", clk |-> 0]>>
/\ idS = {}
/\ procQueue = << <<<<>>, <<>>>>,
   <<<<[kind |-> "ack", clk |-> 1], [kind |-> "request", clk |-> 1]>>, <<>>>> >>
/\ stack = << << [ pc |-> "check",
        rcvd |-> [kind |-> "", clk |-> 0],
        procedure |-> "handle_messages" ] >>,
   << [ pc |-> "check",
        rcvd |-> [kind |-> "", clk |-> 0],
        procedure |-> "handle_messages" ] >> >>
/\ depth = 1

@!@!@ENDMSG 2217 @!@!@
@!@!@STARTMSG 2217:4 @!@!@
27: <Action line 266, col 19 to line 351, col 53 of module mutex_merz>
/\ Site_data = <<[myClk |-> 1, enter_cs |-> FALSE, reqClk |-> <<1, 0>>, msgClk |-> <<0, 0>>], [myClk |-> 0, enter_cs |-> FALSE, reqClk |-> <<0, 0>>, msgClk |-> <<0, 0>>]>>
/\ cp = 2
/\ pc = <<"rcv_msg1", "rcv_msg2">>
/\ rcvd = <<[kind |-> "", clk |-> 0], [kind |-> "", clk |-> 0]>>
/\ idS = 1..2
/\ procQueue = << <<<<>>, <<>>>>,
   <<<<[kind |-> "ack", clk |-> 1], [kind |-> "request", clk |-> 1]>>, <<>>>> >>
/\ stack = << << [ pc |-> "check",
        rcvd |-> [kind |-> "", clk |-> 0],
        procedure |-> "handle_messages" ] >>,
   << [ pc |-> "check",
        rcvd |-> [kind |-> "", clk |-> 0],
        procedure |-> "handle_messages" ] >> >>
/\ depth = 1

@!@!@ENDMSG 2217 @!@!@
@!@!@STARTMSG 2217:4 @!@!@
28: <Action line 266, col 19 to line 351, col 53 of module mutex_merz>
/\ Site_data = <<[myClk |-> 1, enter_cs |-> FALSE, reqClk |-> <<1, 0>>, msgClk |-> <<0, 0>>], [myClk |-> 2, enter_cs |-> FALSE, reqClk |-> <<0, 0>>, msgClk |-> <<1, 0>>]>>
/\ cp = 2
/\ pc = <<"rcv_msg1", "rcv_msg2">>
/\ rcvd = <<[kind |-> "", clk |-> 0], [kind |-> "ack", clk |-> 1]>>
/\ idS = {2}
/\ procQueue = <<<<<<>>, <<>>>>, <<<<[kind |-> "request", clk |-> 1]>>, <<>>>>>>
/\ stack = << << [ pc |-> "check",
        rcvd |-> [kind |-> "", clk |-> 0],
        procedure |-> "handle_messages" ] >>,
   << [ pc |-> "check",
        rcvd |-> [kind |-> "", clk |-> 0],
        procedure |-> "handle_messages" ] >> >>
/\ depth = 1

@!@!@ENDMSG 2217 @!@!@
@!@!@STARTMSG 2217:4 @!@!@
29: <Action line 266, col 19 to line 351, col 53 of module mutex_merz>
/\ Site_data = <<[myClk |-> 1, enter_cs |-> FALSE, reqClk |-> <<1, 0>>, msgClk |-> <<0, 0>>], [myClk |-> 2, enter_cs |-> FALSE, reqClk |-> <<0, 0>>, msgClk |-> <<1, 0>>]>>
/\ cp = 2
/\ pc = <<"rcv_msg1", "rcv_msg3">>
/\ rcvd = <<[kind |-> "", clk |-> 0], [kind |-> "ack", clk |-> 1]>>
/\ idS = {}
/\ procQueue = <<<<<<>>, <<>>>>, <<<<[kind |-> "request", clk |-> 1]>>, <<>>>>>>
/\ stack = << << [ pc |-> "check",
        rcvd |-> [kind |-> "", clk |-> 0],
        procedure |-> "handle_messages" ] >>,
   << [ pc |-> "check",
        rcvd |-> [kind |-> "", clk |-> 0],
        procedure |-> "handle_messages" ] >> >>
/\ depth = 1

@!@!@ENDMSG 2217 @!@!@
@!@!@STARTMSG 2217:4 @!@!@
30: <Action line 353, col 19 to line 359, col 75 of module mutex_merz>
/\ Site_data = <<[myClk |-> 1, enter_cs |-> FALSE, reqClk |-> <<1, 0>>, msgClk |-> <<0, 0>>], [myClk |-> 2, enter_cs |-> FALSE, reqClk |-> <<0, 0>>, msgClk |-> <<1, 0>>]>>
/\ cp = 3
/\ pc = <<"rcv_msg1", "end_rcv">>
/\ rcvd = <<[kind |-> "", clk |-> 0], [kind |-> "ack", clk |-> 1]>>
/\ idS = {}
/\ procQueue = <<<<<<>>, <<>>>>, <<<<[kind |-> "request", clk |-> 1]>>, <<>>>>>>
/\ stack = << << [ pc |-> "check",
        rcvd |-> [kind |-> "", clk |-> 0],
        procedure |-> "handle_messages" ] >>,
   << [ pc |-> "check",
        rcvd |-> [kind |-> "", clk |-> 0],
        procedure |-> "handle_messages" ] >> >>
/\ depth = 0

@!@!@ENDMSG 2217 @!@!@
@!@!@STARTMSG 2217:4 @!@!@
31: <Action line 362, col 18 to line 367, col 72 of module mutex_merz>
/\ Site_data = <<[myClk |-> 1, enter_cs |-> FALSE, reqClk |-> <<1, 0>>, msgClk |-> <<0, 0>>], [myClk |-> 2, enter_cs |-> FALSE, reqClk |-> <<0, 0>>, msgClk |-> <<1, 0>>]>>
/\ cp = 3
/\ pc = <<"rcv_msg1", "check">>
/\ rcvd = <<[kind |-> "", clk |-> 0], [kind |-> "", clk |-> 0]>>
/\ idS = {}
/\ procQueue = <<<<<<>>, <<>>>>, <<<<[kind |-> "request", clk |-> 1]>>, <<>>>>>>
/\ stack = << << [ pc |-> "check",
        rcvd |-> [kind |-> "", clk |-> 0],
        procedure |-> "handle_messages" ] >>,
   <<>> >>
/\ depth = 0

@!@!@ENDMSG 2217 @!@!@
@!@!@STARTMSG 2217:4 @!@!@
32: <Action line 425, col 16 to line 429, col 72 of module mutex_merz>
/\ Site_data = <<[myClk |-> 1, enter_cs |-> FALSE, reqClk |-> <<1, 0>>, msgClk |-> <<0, 0>>], [myClk |-> 2, enter_cs |-> FALSE, reqClk |-> <<0, 0>>, msgClk |-> <<1, 0>>]>>
/\ cp = 3
/\ pc = <<"rcv_msg1", "try">>
/\ rcvd = <<[kind |-> "", clk |-> 0], [kind |-> "", clk |-> 0]>>
/\ idS = {}
/\ procQueue = <<<<<<>>, <<>>>>, <<<<[kind |-> "request", clk |-> 1]>>, <<>>>>>>
/\ stack = << << [ pc |-> "check",
        rcvd |-> [kind |-> "", clk |-> 0],
        procedure |-> "handle_messages" ] >>,
   <<>> >>
/\ depth = 0

@!@!@ENDMSG 2217 @!@!@
@!@!@STARTMSG 2217:4 @!@!@
33: <Action line 402, col 14 to line 414, col 68 of module mutex_merz>
/\ Site_data = <<[myClk |-> 1, enter_cs |-> FALSE, reqClk |-> <<1, 0>>, msgClk |-> <<0, 0>>], [myClk |-> 2, enter_cs |-> FALSE, reqClk |-> <<0, 0>>, msgClk |-> <<1, 0>>]>>
/\ cp = 3
/\ pc = <<"rcv_msg1", "rcv_msg1">>
/\ rcvd = <<[kind |-> "", clk |-> 0], [kind |-> "", clk |-> 0]>>
/\ idS = {}
/\ procQueue = <<<<<<>>, <<>>>>, <<<<[kind |-> "request", clk |-> 1]>>, <<>>>>>>
/\ stack = << << [ pc |-> "check",
        rcvd |-> [kind |-> "", clk |-> 0],
        procedure |-> "handle_messages" ] >>,
   << [ pc |-> "check",
        rcvd |-> [kind |-> "", clk |-> 0],
        procedure |-> "handle_messages" ] >> >>
/\ depth = 0

@!@!@ENDMSG 2217 @!@!@
@!@!@STARTMSG 2217:4 @!@!@
34: <Action line 259, col 19 to line 264, col 75 of module mutex_merz>
/\ Site_data = <<[myClk |-> 1, enter_cs |-> FALSE, reqClk |-> <<1, 0>>, msgClk |-> <<0, 0>>], [myClk |-> 2, enter_cs |-> FALSE, reqClk |-> <<0, 0>>, msgClk |-> <<1, 0>>]>>
/\ cp = 2
/\ pc = <<"rcv_msg1", "rcv_msg2">>
/\ rcvd = <<[kind |-> "", clk |-> 0], [kind |-> "", clk |-> 0]>>
/\ idS = {}
/\ procQueue = <<<<<<>>, <<>>>>, <<<<[kind |-> "request", clk |-> 1]>>, <<>>>>>>
/\ stack = << << [ pc |-> "check",
        rcvd |-> [kind |-> "", clk |-> 0],
        procedure |-> "handle_messages" ] >>,
   << [ pc |-> "check",
        rcvd |-> [kind |-> "", clk |-> 0],
        procedure |-> "handle_messages" ] >> >>
/\ depth = 1

@!@!@ENDMSG 2217 @!@!@
@!@!@STARTMSG 2217:4 @!@!@
35: <Action line 266, col 19 to line 351, col 53 of module mutex_merz>
/\ Site_data = <<[myClk |-> 1, enter_cs |-> FALSE, reqClk |-> <<1, 0>>, msgClk |-> <<0, 0>>], [myClk |-> 2, enter_cs |-> FALSE, reqClk |-> <<0, 0>>, msgClk |-> <<1, 0>>]>>
/\ cp = 2
/\ pc = <<"rcv_msg1", "rcv_msg2">>
/\ rcvd = <<[kind |-> "", clk |-> 0], [kind |-> "", clk |-> 0]>>
/\ idS = 1..2
/\ procQueue = <<<<<<>>, <<>>>>, <<<<[kind |-> "request", clk |-> 1]>>, <<>>>>>>
/\ stack = << << [ pc |-> "check",
        rcvd |-> [kind |-> "", clk |-> 0],
        procedure |-> "handle_messages" ] >>,
   << [ pc |-> "check",
        rcvd |-> [kind |-> "", clk |-> 0],
        procedure |-> "handle_messages" ] >> >>
/\ depth = 1

@!@!@ENDMSG 2217 @!@!@
@!@!@STARTMSG 2217:4 @!@!@
36: <Action line 266, col 19 to line 351, col 53 of module mutex_merz>
/\ Site_data = <<[myClk |-> 1, enter_cs |-> FALSE, reqClk |-> <<1, 0>>, msgClk |-> <<0, 0>>], [myClk |-> 3, enter_cs |-> FALSE, reqClk |-> <<1, 0>>, msgClk |-> <<1, 0>>]>>
/\ cp = 2
/\ pc = <<"rcv_msg1", "rcv_msg2">>
/\ rcvd = <<[kind |-> "", clk |-> 0], [kind |-> "request", clk |-> 1]>>
/\ idS = {2}
/\ procQueue = <<<<<<>>, <<[kind |-> "ack", clk |-> 3]>>>>, <<<<>>, <<>>>>>>
/\ stack = << << [ pc |-> "check",
        rcvd |-> [kind |-> "", clk |-> 0],
        procedure |-> "handle_messages" ] >>,
   << [ pc |-> "check",
        rcvd |-> [kind |-> "", clk |-> 0],
        procedure |-> "handle_messages" ] >> >>
/\ depth = 1

@!@!@ENDMSG 2217 @!@!@
@!@!@STARTMSG 2217:4 @!@!@
37: <Action line 266, col 19 to line 351, col 53 of module mutex_merz>
/\ Site_data = <<[myClk |-> 1, enter_cs |-> FALSE, reqClk |-> <<1, 0>>, msgClk |-> <<0, 0>>], [myClk |-> 3, enter_cs |-> FALSE, reqClk |-> <<1, 0>>, msgClk |-> <<1, 0>>]>>
/\ cp = 2
/\ pc = <<"rcv_msg1", "rcv_msg3">>
/\ rcvd = <<[kind |-> "", clk |-> 0], [kind |-> "request", clk |-> 1]>>
/\ idS = {}
/\ procQueue = <<<<<<>>, <<[kind |-> "ack", clk |-> 3]>>>>, <<<<>>, <<>>>>>>
/\ stack = << << [ pc |-> "check",
        rcvd |-> [kind |-> "", clk |-> 0],
        procedure |-> "handle_messages" ] >>,
   << [ pc |-> "check",
        rcvd |-> [kind |-> "", clk |-> 0],
        procedure |-> "handle_messages" ] >> >>
/\ depth = 1

@!@!@ENDMSG 2217 @!@!@
@!@!@STARTMSG 2217:4 @!@!@
38: <Action line 353, col 19 to line 359, col 75 of module mutex_merz>
/\ Site_data = <<[myClk |-> 1, enter_cs |-> FALSE, reqClk |-> <<1, 0>>, msgClk |-> <<0, 0>>], [myClk |-> 3, enter_cs |-> FALSE, reqClk |-> <<1, 0>>, msgClk |-> <<1, 0>>]>>
/\ cp = 3
/\ pc = <<"rcv_msg1", "end_rcv">>
/\ rcvd = <<[kind |-> "", clk |-> 0], [kind |-> "request", clk |-> 1]>>
/\ idS = {}
/\ procQueue = <<<<<<>>, <<[kind |-> "ack", clk |-> 3]>>>>, <<<<>>, <<>>>>>>
/\ stack = << << [ pc |-> "check",
        rcvd |-> [kind |-> "", clk |-> 0],
        procedure |-> "handle_messages" ] >>,
   << [ pc |-> "check",
        rcvd |-> [kind |-> "", clk |-> 0],
        procedure |-> "handle_messages" ] >> >>
/\ depth = 0

@!@!@ENDMSG 2217 @!@!@
@!@!@STARTMSG 2217:4 @!@!@
39: <Action line 259, col 19 to line 264, col 75 of module mutex_merz>
/\ Site_data = <<[myClk |-> 1, enter_cs |-> FALSE, reqClk |-> <<1, 0>>, msgClk |-> <<0, 0>>], [myClk |-> 3, enter_cs |-> FALSE, reqClk |-> <<1, 0>>, msgClk |-> <<1, 0>>]>>
/\ cp = 1
/\ pc = <<"rcv_msg2", "end_rcv">>
/\ rcvd = <<[kind |-> "", clk |-> 0], [kind |-> "request", clk |-> 1]>>
/\ idS = {}
/\ procQueue = <<<<<<>>, <<[kind |-> "ack", clk |-> 3]>>>>, <<<<>>, <<>>>>>>
/\ stack = << << [ pc |-> "check",
        rcvd |-> [kind |-> "", clk |-> 0],
        procedure |-> "handle_messages" ] >>,
   << [ pc |-> "check",
        rcvd |-> [kind |-> "", clk |-> 0],
        procedure |-> "handle_messages" ] >> >>
/\ depth = 1

@!@!@ENDMSG 2217 @!@!@
@!@!@STARTMSG 2217:4 @!@!@
40: <Action line 266, col 19 to line 351, col 53 of module mutex_merz>
/\ Site_data = <<[myClk |-> 1, enter_cs |-> FALSE, reqClk |-> <<1, 0>>, msgClk |-> <<0, 0>>], [myClk |-> 3, enter_cs |-> FALSE, reqClk |-> <<1, 0>>, msgClk |-> <<1, 0>>]>>
/\ cp = 1
/\ pc = <<"rcv_msg2", "end_rcv">>
/\ rcvd = <<[kind |-> "", clk |-> 0], [kind |-> "request", clk |-> 1]>>
/\ idS = 1..2
/\ procQueue = <<<<<<>>, <<[kind |-> "ack", clk |-> 3]>>>>, <<<<>>, <<>>>>>>
/\ stack = << << [ pc |-> "check",
        rcvd |-> [kind |-> "", clk |-> 0],
        procedure |-> "handle_messages" ] >>,
   << [ pc |-> "check",
        rcvd |-> [kind |-> "", clk |-> 0],
        procedure |-> "handle_messages" ] >> >>
/\ depth = 1

@!@!@ENDMSG 2217 @!@!@
@!@!@STARTMSG 2217:4 @!@!@
41: <Action line 266, col 19 to line 351, col 53 of module mutex_merz>
/\ Site_data = <<[myClk |-> 1, enter_cs |-> FALSE, reqClk |-> <<1, 0>>, msgClk |-> <<0, 0>>], [myClk |-> 3, enter_cs |-> FALSE, reqClk |-> <<1, 0>>, msgClk |-> <<1, 0>>]>>
/\ cp = 1
/\ pc = <<"rcv_msg2", "end_rcv">>
/\ rcvd = <<[kind |-> "", clk |-> 0], [kind |-> "request", clk |-> 1]>>
/\ idS = {2}
/\ procQueue = <<<<<<>>, <<[kind |-> "ack", clk |-> 3]>>>>, <<<<>>, <<>>>>>>
/\ stack = << << [ pc |-> "check",
        rcvd |-> [kind |-> "", clk |-> 0],
        procedure |-> "handle_messages" ] >>,
   << [ pc |-> "check",
        rcvd |-> [kind |-> "", clk |-> 0],
        procedure |-> "handle_messages" ] >> >>
/\ depth = 1

@!@!@ENDMSG 2217 @!@!@
@!@!@STARTMSG 2217:4 @!@!@
42: <Action line 266, col 19 to line 351, col 53 of module mutex_merz>
/\ Site_data = <<[myClk |-> 4, enter_cs |-> FALSE, reqClk |-> <<1, 0>>, msgClk |-> <<0, 3>>], [myClk |-> 3, enter_cs |-> FALSE, reqClk |-> <<1, 0>>, msgClk |-> <<1, 0>>]>>
/\ cp = 1
/\ pc = <<"rcv_msg3", "end_rcv">>
/\ rcvd = <<[kind |-> "ack", clk |-> 3], [kind |-> "request", clk |-> 1]>>
/\ idS = {}
/\ procQueue = <<<<<<>>, <<>>>>, <<<<>>, <<>>>>>>
/\ stack = << << [ pc |-> "check",
        rcvd |-> [kind |-> "", clk |-> 0],
        procedure |-> "handle_messages" ] >>,
   << [ pc |-> "check",
        rcvd |-> [kind |-> "", clk |-> 0],
        procedure |-> "handle_messages" ] >> >>
/\ depth = 1

@!@!@ENDMSG 2217 @!@!@
@!@!@STARTMSG 2217:4 @!@!@
43: <Action line 353, col 19 to line 359, col 75 of module mutex_merz>
/\ Site_data = <<[myClk |-> 4, enter_cs |-> FALSE, reqClk |-> <<1, 0>>, msgClk |-> <<0, 3>>], [myClk |-> 3, enter_cs |-> FALSE, reqClk |-> <<1, 0>>, msgClk |-> <<1, 0>>]>>
/\ cp = 3
/\ pc = <<"end_rcv", "end_rcv">>
/\ rcvd = <<[kind |-> "ack", clk |-> 3], [kind |-> "request", clk |-> 1]>>
/\ idS = {}
/\ procQueue = <<<<<<>>, <<>>>>, <<<<>>, <<>>>>>>
/\ stack = << << [ pc |-> "check",
        rcvd |-> [kind |-> "", clk |-> 0],
        procedure |-> "handle_messages" ] >>,
   << [ pc |-> "check",
        rcvd |-> [kind |-> "", clk |-> 0],
        procedure |-> "handle_messages" ] >> >>
/\ depth = 0

@!@!@ENDMSG 2217 @!@!@
@!@!@STARTMSG 2217:4 @!@!@
44: <Action line 362, col 18 to line 367, col 72 of module mutex_merz>
/\ Site_data = <<[myClk |-> 4, enter_cs |-> FALSE, reqClk |-> <<1, 0>>, msgClk |-> <<0, 3>>], [myClk |-> 3, enter_cs |-> FALSE, reqClk |-> <<1, 0>>, msgClk |-> <<1, 0>>]>>
/\ cp = 3
/\ pc = <<"check", "end_rcv">>
/\ rcvd = <<[kind |-> "", clk |-> 0], [kind |-> "request", clk |-> 1]>>
/\ idS = {}
/\ procQueue = <<<<<<>>, <<>>>>, <<<<>>, <<>>>>>>
/\ stack = << <<>>,
   << [ pc |-> "check",
        rcvd |-> [kind |-> "", clk |-> 0],
        procedure |-> "handle_messages" ] >> >>
/\ depth = 0

@!@!@ENDMSG 2217 @!@!@
@!@!@STARTMSG 2217:4 @!@!@
45: <Action line 362, col 18 to line 367, col 72 of module mutex_merz>
/\ Site_data = <<[myClk |-> 4, enter_cs |-> FALSE, reqClk |-> <<1, 0>>, msgClk |-> <<0, 3>>], [myClk |-> 3, enter_cs |-> FALSE, reqClk |-> <<1, 0>>, msgClk |-> <<1, 0>>]>>
/\ cp = 3
/\ pc = <<"check", "check">>
/\ rcvd = <<[kind |-> "", clk |-> 0], [kind |-> "", clk |-> 0]>>
/\ idS = {}
/\ procQueue = <<<<<<>>, <<>>>>, <<<<>>, <<>>>>>>
/\ stack = <<<<>>, <<>>>>
/\ depth = 0

@!@!@ENDMSG 2217 @!@!@
@!@!@STARTMSG 2217:4 @!@!@
46: <Action line 425, col 16 to line 429, col 72 of module mutex_merz>
/\ Site_data = <<[myClk |-> 4, enter_cs |-> TRUE, reqClk |-> <<1, 0>>, msgClk |-> <<0, 3>>], [myClk |-> 3, enter_cs |-> FALSE, reqClk |-> <<1, 0>>, msgClk |-> <<1, 0>>]>>
/\ cp = 3
/\ pc = <<"try", "check">>
/\ rcvd = <<[kind |-> "", clk |-> 0], [kind |-> "", clk |-> 0]>>
/\ idS = {}
/\ procQueue = <<<<<<>>, <<>>>>, <<<<>>, <<>>>>>>
/\ stack = <<<<>>, <<>>>>
/\ depth = 0

@!@!@ENDMSG 2217 @!@!@
@!@!@STARTMSG 2217:4 @!@!@
47: <Action line 402, col 14 to line 414, col 68 of module mutex_merz>
/\ Site_data = <<[myClk |-> 4, enter_cs |-> TRUE, reqClk |-> <<1, 0>>, msgClk |-> <<0, 3>>], [myClk |-> 3, enter_cs |-> FALSE, reqClk |-> <<1, 0>>, msgClk |-> <<1, 0>>]>>
/\ cp = 3
/\ pc = <<"cs", "check">>
/\ rcvd = <<[kind |-> "", clk |-> 0], [kind |-> "", clk |-> 0]>>
/\ idS = {}
/\ procQueue = <<<<<<>>, <<>>>>, <<<<>>, <<>>>>>>
/\ stack = <<<<>>, <<>>>>
/\ depth = 0

@!@!@ENDMSG 2217 @!@!@
@!@!@STARTMSG 2217:4 @!@!@
48: <Action line 431, col 13 to line 435, col 80 of module mutex_merz>
/\ Site_data = <<[myClk |-> 4, enter_cs |-> TRUE, reqClk |-> <<1, 0>>, msgClk |-> <<0, 3>>], [myClk |-> 3, enter_cs |-> FALSE, reqClk |-> <<1, 0>>, msgClk |-> <<1, 0>>]>>
/\ cp = 3
/\ pc = <<"exit", "check">>
/\ rcvd = <<[kind |-> "", clk |-> 0], [kind |-> "", clk |-> 0]>>
/\ idS = {}
/\ procQueue = <<<<<<>>, <<>>>>, <<<<>>, <<>>>>>>
/\ stack = <<<<>>, <<>>>>
/\ depth = 0

@!@!@ENDMSG 2217 @!@!@
@!@!@STARTMSG 2217:4 @!@!@
49: <Action line 438, col 15 to line 445, col 64 of module mutex_merz>
/\ Site_data = <<[myClk |-> 4, enter_cs |-> FALSE, reqClk |-> <<1, 0>>, msgClk |-> <<0, 3>>], [myClk |-> 3, enter_cs |-> FALSE, reqClk |-> <<1, 0>>, msgClk |-> <<1, 0>>]>>
/\ cp = 3
/\ pc = <<"bcfr1", "check">>
/\ rcvd = <<[kind |-> "", clk |-> 0], [kind |-> "", clk |-> 0]>>
/\ idS = {}
/\ procQueue = <<<<<<>>, <<>>>>, <<<<>>, <<>>>>>>
/\ stack = <<<<[pc |-> "site", procedure |-> "bcst_free"]>>, <<>>>>
/\ depth = 0

@!@!@ENDMSG 2217 @!@!@
@!@!@STARTMSG 2217:4 @!@!@
50: <Action line 211, col 16 to line 216, col 72 of module mutex_merz>
/\ Site_data = <<[myClk |-> 4, enter_cs |-> FALSE, reqClk |-> <<1, 0>>, msgClk |-> <<0, 3>>], [myClk |-> 3, enter_cs |-> FALSE, reqClk |-> <<1, 0>>, msgClk |-> <<1, 0>>]>>
/\ cp = 1
/\ pc = <<"bcfr2", "check">>
/\ rcvd = <<[kind |-> "", clk |-> 0], [kind |-> "", clk |-> 0]>>
/\ idS = {}
/\ procQueue = <<<<<<>>, <<>>>>, <<<<>>, <<>>>>>>
/\ stack = <<<<[pc |-> "site", procedure |-> "bcst_free"]>>, <<>>>>
/\ depth = 1

@!@!@ENDMSG 2217 @!@!@
@!@!@STARTMSG 2217:4 @!@!@
51: <Action line 218, col 16 to line 238, col 67 of module mutex_merz>
/\ Site_data = <<[myClk |-> 4, enter_cs |-> FALSE, reqClk |-> <<1, 0>>, msgClk |-> <<0, 3>>], [myClk |-> 3, enter_cs |-> FALSE, reqClk |-> <<1, 0>>, msgClk |-> <<1, 0>>]>>
/\ cp = 1
/\ pc = <<"bcfr2", "check">>
/\ rcvd = <<[kind |-> "", clk |-> 0], [kind |-> "", clk |-> 0]>>
/\ idS = {2}
/\ procQueue = <<<<<<>>, <<>>>>, <<<<>>, <<>>>>>>
/\ stack = <<<<[pc |-> "site", procedure |-> "bcst_free"]>>, <<>>>>
/\ depth = 1

@!@!@ENDMSG 2217 @!@!@
@!@!@STARTMSG 2217:4 @!@!@
52: <Action line 218, col 16 to line 238, col 67 of module mutex_merz>
/\ Site_data = <<[myClk |-> 4, enter_cs |-> FALSE, reqClk |-> <<1, 0>>, msgClk |-> <<0, 3>>], [myClk |-> 3, enter_cs |-> FALSE, reqClk |-> <<1, 0>>, msgClk |-> <<1, 0>>]>>
/\ cp = 1
/\ pc = <<"bcfr3", "check">>
/\ rcvd = <<[kind |-> "", clk |-> 0], [kind |-> "", clk |-> 0]>>
/\ idS = {}
/\ procQueue = <<<<<<>>, <<>>>>, <<<<[kind |-> "free", clk |-> 4]>>, <<>>>>>>
/\ stack = <<<<[pc |-> "site", procedure |-> "bcst_free"]>>, <<>>>>
/\ depth = 1

@!@!@ENDMSG 2217 @!@!@
@!@!@STARTMSG 2217:4 @!@!@
53: <Action line 242, col 16 to line 248, col 61 of module mutex_merz>
/\ Site_data = <<[myClk |-> 4, enter_cs |-> FALSE, reqClk |-> <<0, 0>>, msgClk |-> <<0, 3>>], [myClk |-> 3, enter_cs |-> FALSE, reqClk |-> <<1, 0>>, msgClk |-> <<1, 0>>]>>
/\ cp = 3
/\ pc = <<"end_bcfr", "check">>
/\ rcvd = <<[kind |-> "", clk |-> 0], [kind |-> "", clk |-> 0]>>
/\ idS = {}
/\ procQueue = <<<<<<>>, <<>>>>, <<<<[kind |-> "free", clk |-> 4]>>, <<>>>>>>
/\ stack = <<<<[pc |-> "site", procedure |-> "bcst_free"]>>, <<>>>>
/\ depth = 0

@!@!@ENDMSG 2217 @!@!@
@!@!@STARTMSG 2217:4 @!@!@
54: <Action line 250, col 19 to line 254, col 79 of module mutex_merz>
/\ Site_data = <<[myClk |-> 4, enter_cs |-> FALSE, reqClk |-> <<0, 0>>, msgClk |-> <<0, 3>>], [myClk |-> 3, enter_cs |-> FALSE, reqClk |-> <<1, 0>>, msgClk |-> <<1, 0>>]>>
/\ cp = 3
/\ pc = <<"site", "check">>
/\ rcvd = <<[kind |-> "", clk |-> 0], [kind |-> "", clk |-> 0]>>
/\ idS = {}
/\ procQueue = <<<<<<>>, <<>>>>, <<<<[kind |-> "free", clk |-> 4]>>, <<>>>>>>
/\ stack = <<<<>>, <<>>>>
/\ depth = 0

@!@!@ENDMSG 2217 @!@!@
@!@!@STARTMSG 2217:4 @!@!@
55: <Action line 372, col 15 to line 378, col 42 of module mutex_merz>
/\ Site_data = <<[myClk |-> 4, enter_cs |-> FALSE, reqClk |-> <<0, 0>>, msgClk |-> <<0, 3>>], [myClk |-> 3, enter_cs |-> FALSE, reqClk |-> <<1, 0>>, msgClk |-> <<1, 0>>]>>
/\ cp = 3
/\ pc = <<"ncs", "check">>
/\ rcvd = <<[kind |-> "", clk |-> 0], [kind |-> "", clk |-> 0]>>
/\ idS = {}
/\ procQueue = <<<<<<>>, <<>>>>, <<<<[kind |-> "free", clk |-> 4]>>, <<>>>>>>
/\ stack = <<<<>>, <<>>>>
/\ depth = 0

@!@!@ENDMSG 2217 @!@!@
@!@!@STARTMSG 2217:4 @!@!@
56: <Action line 380, col 14 to line 394, col 68 of module mutex_merz>
/\ Site_data = <<[myClk |-> 4, enter_cs |-> FALSE, reqClk |-> <<0, 0>>, msgClk |-> <<0, 3>>], [myClk |-> 3, enter_cs |-> FALSE, reqClk |-> <<1, 0>>, msgClk |-> <<1, 0>>]>>
/\ cp = 3
/\ pc = <<"bcrq1", "check">>
/\ rcvd = <<[kind |-> "", clk |-> 0], [kind |-> "", clk |-> 0]>>
/\ idS = {}
/\ procQueue = <<<<<<>>, <<>>>>, <<<<[kind |-> "free", clk |-> 4]>>, <<>>>>>>
/\ stack = <<<<[pc |-> "try", procedure |-> "bcst_request"]>>, <<>>>>
/\ depth = 0

@!@!@ENDMSG 2217 @!@!@
@!@!@STARTMSG 2217:4 @!@!@
57: <Action line 163, col 16 to line 168, col 72 of module mutex_merz>
/\ Site_data = <<[myClk |-> 4, enter_cs |-> FALSE, reqClk |-> <<0, 0>>, msgClk |-> <<0, 3>>], [myClk |-> 3, enter_cs |-> FALSE, reqClk |-> <<1, 0>>, msgClk |-> <<1, 0>>]>>
/\ cp = 1
/\ pc = <<"bcrq2", "check">>
/\ rcvd = <<[kind |-> "", clk |-> 0], [kind |-> "", clk |-> 0]>>
/\ idS = {}
/\ procQueue = <<<<<<>>, <<>>>>, <<<<[kind |-> "free", clk |-> 4]>>, <<>>>>>>
/\ stack = <<<<[pc |-> "try", procedure |-> "bcst_request"]>>, <<>>>>
/\ depth = 1

@!@!@ENDMSG 2217 @!@!@
@!@!@STARTMSG 2217:4 @!@!@
58: <Action line 170, col 16 to line 190, col 67 of module mutex_merz>
/\ Site_data = <<[myClk |-> 4, enter_cs |-> FALSE, reqClk |-> <<0, 0>>, msgClk |-> <<0, 3>>], [myClk |-> 3, enter_cs |-> FALSE, reqClk |-> <<1, 0>>, msgClk |-> <<1, 0>>]>>
/\ cp = 1
/\ pc = <<"bcrq2", "check">>
/\ rcvd = <<[kind |-> "", clk |-> 0], [kind |-> "", clk |-> 0]>>
/\ idS = {2}
/\ procQueue = <<<<<<>>, <<>>>>, <<<<[kind |-> "free", clk |-> 4]>>, <<>>>>>>
/\ stack = <<<<[pc |-> "try", procedure |-> "bcst_request"]>>, <<>>>>
/\ depth = 1

@!@!@ENDMSG 2217 @!@!@
@!@!@STARTMSG 2217:4 @!@!@
59: <Action line 170, col 16 to line 190, col 67 of module mutex_merz>
/\ Site_data = <<[myClk |-> 4, enter_cs |-> FALSE, reqClk |-> <<0, 0>>, msgClk |-> <<0, 3>>], [myClk |-> 3, enter_cs |-> FALSE, reqClk |-> <<1, 0>>, msgClk |-> <<1, 0>>]>>
/\ cp = 1
/\ pc = <<"bcrq3", "check">>
/\ rcvd = <<[kind |-> "", clk |-> 0], [kind |-> "", clk |-> 0]>>
/\ idS = {}
/\ procQueue = << <<<<>>, <<>>>>,
   << <<[kind |-> "free", clk |-> 4], [kind |-> "request", clk |-> 4]>>,
      <<>> >> >>
/\ stack = <<<<[pc |-> "try", procedure |-> "bcst_request"]>>, <<>>>>
/\ depth = 1

@!@!@ENDMSG 2217 @!@!@
@!@!@STARTMSG 2217:4 @!@!@
60: <Action line 194, col 16 to line 200, col 61 of module mutex_merz>
/\ Site_data = <<[myClk |-> 4, enter_cs |-> FALSE, reqClk |-> <<4, 0>>, msgClk |-> <<0, 3>>], [myClk |-> 3, enter_cs |-> FALSE, reqClk |-> <<1, 0>>, msgClk |-> <<1, 0>>]>>
/\ cp = 3
/\ pc = <<"end_bcrq", "check">>
/\ rcvd = <<[kind |-> "", clk |-> 0], [kind |-> "", clk |-> 0]>>
/\ idS = {}
/\ procQueue = << <<<<>>, <<>>>>,
   << <<[kind |-> "free", clk |-> 4], [kind |-> "request", clk |-> 4]>>,
      <<>> >> >>
/\ stack = <<<<[pc |-> "try", procedure |-> "bcst_request"]>>, <<>>>>
/\ depth = 0

@!@!@ENDMSG 2217 @!@!@
@!@!@STARTMSG 2217:4 @!@!@
61: <Action line 202, col 19 to line 206, col 79 of module mutex_merz>
/\ Site_data = <<[myClk |-> 4, enter_cs |-> FALSE, reqClk |-> <<4, 0>>, msgClk |-> <<0, 3>>], [myClk |-> 3, enter_cs |-> FALSE, reqClk |-> <<1, 0>>, msgClk |-> <<1, 0>>]>>
/\ cp = 3
/\ pc = <<"try", "check">>
/\ rcvd = <<[kind |-> "", clk |-> 0], [kind |-> "", clk |-> 0]>>
/\ idS = {}
/\ procQueue = << <<<<>>, <<>>>>,
   << <<[kind |-> "free", clk |-> 4], [kind |-> "request", clk |-> 4]>>,
      <<>> >> >>
/\ stack = <<<<>>, <<>>>>
/\ depth = 0

@!@!@ENDMSG 2217 @!@!@
@!@!@STARTMSG 2217:4 @!@!@
62: <Action line 402, col 14 to line 414, col 68 of module mutex_merz>
/\ Site_data = <<[myClk |-> 4, enter_cs |-> FALSE, reqClk |-> <<4, 0>>, msgClk |-> <<0, 3>>], [myClk |-> 3, enter_cs |-> FALSE, reqClk |-> <<1, 0>>, msgClk |-> <<1, 0>>]>>
/\ cp = 3
/\ pc = <<"rcv_msg1", "check">>
/\ rcvd = <<[kind |-> "", clk |-> 0], [kind |-> "", clk |-> 0]>>
/\ idS = {}
/\ procQueue = << <<<<>>, <<>>>>,
   << <<[kind |-> "free", clk |-> 4], [kind |-> "request", clk |-> 4]>>,
      <<>> >> >>
/\ stack = << << [ pc |-> "check",
        rcvd |-> [kind |-> "", clk |-> 0],
        procedure |-> "handle_messages" ] >>,
   <<>> >>
/\ depth = 0

@!@!@ENDMSG 2217 @!@!@
@!@!@STARTMSG 2217:4 @!@!@
63: <Action line 425, col 16 to line 429, col 72 of module mutex_merz>
/\ Site_data = <<[myClk |-> 4, enter_cs |-> FALSE, reqClk |-> <<4, 0>>, msgClk |-> <<0, 3>>], [myClk |-> 3, enter_cs |-> FALSE, reqClk |-> <<1, 0>>, msgClk |-> <<1, 0>>]>>
/\ cp = 3
/\ pc = <<"rcv_msg1", "try">>
/\ rcvd = <<[kind |-> "", clk |-> 0], [kind |-> "", clk |-> 0]>>
/\ idS = {}
/\ procQueue = << <<<<>>, <<>>>>,
   << <<[kind |-> "free", clk |-> 4], [kind |-> "request", clk |-> 4]>>,
      <<>> >> >>
/\ stack = << << [ pc |-> "check",
        rcvd |-> [kind |-> "", clk |-> 0],
        procedure |-> "handle_messages" ] >>,
   <<>> >>
/\ depth = 0

@!@!@ENDMSG 2217 @!@!@
@!@!@STARTMSG 2217:4 @!@!@
64: <Action line 402, col 14 to line 414, col 68 of module mutex_merz>
/\ Site_data = <<[myClk |-> 4, enter_cs |-> FALSE, reqClk |-> <<4, 0>>, msgClk |-> <<0, 3>>], [myClk |-> 3, enter_cs |-> FALSE, reqClk |-> <<1, 0>>, msgClk |-> <<1, 0>>]>>
/\ cp = 3
/\ pc = <<"rcv_msg1", "rcv_msg1">>
/\ rcvd = <<[kind |-> "", clk |-> 0], [kind |-> "", clk |-> 0]>>
/\ idS = {}
/\ procQueue = << <<<<>>, <<>>>>,
   << <<[kind |-> "free", clk |-> 4], [kind |-> "request", clk |-> 4]>>,
      <<>> >> >>
/\ stack = << << [ pc |-> "check",
        rcvd |-> [kind |-> "", clk |-> 0],
        procedure |-> "handle_messages" ] >>,
   << [ pc |-> "check",
        rcvd |-> [kind |-> "", clk |-> 0],
        procedure |-> "handle_messages" ] >> >>
/\ depth = 0

@!@!@ENDMSG 2217 @!@!@
@!@!@STARTMSG 2217:4 @!@!@
65: <Action line 259, col 19 to line 264, col 75 of module mutex_merz>
/\ Site_data = <<[myClk |-> 4, enter_cs |-> FALSE, reqClk |-> <<4, 0>>, msgClk |-> <<0, 3>>], [myClk |-> 3, enter_cs |-> FALSE, reqClk |-> <<1, 0>>, msgClk |-> <<1, 0>>]>>
/\ cp = 2
/\ pc = <<"rcv_msg1", "rcv_msg2">>
/\ rcvd = <<[kind |-> "", clk |-> 0], [kind |-> "", clk |-> 0]>>
/\ idS = {}
/\ procQueue = << <<<<>>, <<>>>>,
   << <<[kind |-> "free", clk |-> 4], [kind |-> "request", clk |-> 4]>>,
      <<>> >> >>
/\ stack = << << [ pc |-> "check",
        rcvd |-> [kind |-> "", clk |-> 0],
        procedure |-> "handle_messages" ] >>,
   << [ pc |-> "check",
        rcvd |-> [kind |-> "", clk |-> 0],
        procedure |-> "handle_messages" ] >> >>
/\ depth = 1

@!@!@ENDMSG 2217 @!@!@
@!@!@STARTMSG 2217:4 @!@!@
66: <Action line 266, col 19 to line 351, col 53 of module mutex_merz>
/\ Site_data = <<[myClk |-> 4, enter_cs |-> FALSE, reqClk |-> <<4, 0>>, msgClk |-> <<0, 3>>], [myClk |-> 3, enter_cs |-> FALSE, reqClk |-> <<1, 0>>, msgClk |-> <<1, 0>>]>>
/\ cp = 2
/\ pc = <<"rcv_msg1", "rcv_msg2">>
/\ rcvd = <<[kind |-> "", clk |-> 0], [kind |-> "", clk |-> 0]>>
/\ idS = 1..2
/\ procQueue = << <<<<>>, <<>>>>,
   << <<[kind |-> "free", clk |-> 4], [kind |-> "request", clk |-> 4]>>,
      <<>> >> >>
/\ stack = << << [ pc |-> "check",
        rcvd |-> [kind |-> "", clk |-> 0],
        procedure |-> "handle_messages" ] >>,
   << [ pc |-> "check",
        rcvd |-> [kind |-> "", clk |-> 0],
        procedure |-> "handle_messages" ] >> >>
/\ depth = 1

@!@!@ENDMSG 2217 @!@!@
@!@!@STARTMSG 2217:4 @!@!@
67: <Action line 266, col 19 to line 351, col 53 of module mutex_merz>
/\ Site_data = <<[myClk |-> 4, enter_cs |-> FALSE, reqClk |-> <<4, 0>>, msgClk |-> <<0, 3>>], [myClk |-> 5, enter_cs |-> FALSE, reqClk |-> <<0, 0>>, msgClk |-> <<4, 0>>]>>
/\ cp = 2
/\ pc = <<"rcv_msg1", "rcv_msg2">>
/\ rcvd = <<[kind |-> "", clk |-> 0], [kind |-> "free", clk |-> 4]>>
/\ idS = {2}
/\ procQueue = <<<<<<>>, <<>>>>, <<<<[kind |-> "request", clk |-> 4]>>, <<>>>>>>
/\ stack = << << [ pc |-> "check",
        rcvd |-> [kind |-> "", clk |-> 0],
        procedure |-> "handle_messages" ] >>,
   << [ pc |-> "check",
        rcvd |-> [kind |-> "", clk |-> 0],
        procedure |-> "handle_messages" ] >> >>
/\ depth = 1

@!@!@ENDMSG 2217 @!@!@
@!@!@STARTMSG 2217:4 @!@!@
68: <Action line 266, col 19 to line 351, col 53 of module mutex_merz>
/\ Site_data = <<[myClk |-> 4, enter_cs |-> FALSE, reqClk |-> <<4, 0>>, msgClk |-> <<0, 3>>], [myClk |-> 5, enter_cs |-> FALSE, reqClk |-> <<0, 0>>, msgClk |-> <<4, 0>>]>>
/\ cp = 2
/\ pc = <<"rcv_msg1", "rcv_msg3">>
/\ rcvd = <<[kind |-> "", clk |-> 0], [kind |-> "free", clk |-> 4]>>
/\ idS = {}
/\ procQueue = <<<<<<>>, <<>>>>, <<<<[kind |-> "request", clk |-> 4]>>, <<>>>>>>
/\ stack = << << [ pc |-> "check",
        rcvd |-> [kind |-> "", clk |-> 0],
        procedure |-> "handle_messages" ] >>,
   << [ pc |-> "check",
        rcvd |-> [kind |-> "", clk |-> 0],
        procedure |-> "handle_messages" ] >> >>
/\ depth = 1

@!@!@ENDMSG 2217 @!@!@
@!@!@STARTMSG 2217:4 @!@!@
69: <Action line 353, col 19 to line 359, col 75 of module mutex_merz>
/\ Site_data = <<[myClk |-> 4, enter_cs |-> FALSE, reqClk |-> <<4, 0>>, msgClk |-> <<0, 3>>], [myClk |-> 5, enter_cs |-> FALSE, reqClk |-> <<0, 0>>, msgClk |-> <<4, 0>>]>>
/\ cp = 3
/\ pc = <<"rcv_msg1", "end_rcv">>
/\ rcvd = <<[kind |-> "", clk |-> 0], [kind |-> "free", clk |-> 4]>>
/\ idS = {}
/\ procQueue = <<<<<<>>, <<>>>>, <<<<[kind |-> "request", clk |-> 4]>>, <<>>>>>>
/\ stack = << << [ pc |-> "check",
        rcvd |-> [kind |-> "", clk |-> 0],
        procedure |-> "handle_messages" ] >>,
   << [ pc |-> "check",
        rcvd |-> [kind |-> "", clk |-> 0],
        procedure |-> "handle_messages" ] >> >>
/\ depth = 0

@!@!@ENDMSG 2217 @!@!@
@!@!@STARTMSG 2217:4 @!@!@
70: <Action line 362, col 18 to line 367, col 72 of module mutex_merz>
/\ Site_data = <<[myClk |-> 4, enter_cs |-> FALSE, reqClk |-> <<4, 0>>, msgClk |-> <<0, 3>>], [myClk |-> 5, enter_cs |-> FALSE, reqClk |-> <<0, 0>>, msgClk |-> <<4, 0>>]>>
/\ cp = 3
/\ pc = <<"rcv_msg1", "check">>
/\ rcvd = <<[kind |-> "", clk |-> 0], [kind |-> "", clk |-> 0]>>
/\ idS = {}
/\ procQueue = <<<<<<>>, <<>>>>, <<<<[kind |-> "request", clk |-> 4]>>, <<>>>>>>
/\ stack = << << [ pc |-> "check",
        rcvd |-> [kind |-> "", clk |-> 0],
        procedure |-> "handle_messages" ] >>,
   <<>> >>
/\ depth = 0

@!@!@ENDMSG 2217 @!@!@
@!@!@STARTMSG 2217:4 @!@!@
71: <Action line 425, col 16 to line 429, col 72 of module mutex_merz>
/\ Site_data = <<[myClk |-> 4, enter_cs |-> FALSE, reqClk |-> <<4, 0>>, msgClk |-> <<0, 3>>], [myClk |-> 5, enter_cs |-> FALSE, reqClk |-> <<0, 0>>, msgClk |-> <<4, 0>>]>>
/\ cp = 3
/\ pc = <<"rcv_msg1", "try">>
/\ rcvd = <<[kind |-> "", clk |-> 0], [kind |-> "", clk |-> 0]>>
/\ idS = {}
/\ procQueue = <<<<<<>>, <<>>>>, <<<<[kind |-> "request", clk |-> 4]>>, <<>>>>>>
/\ stack = << << [ pc |-> "check",
        rcvd |-> [kind |-> "", clk |-> 0],
        procedure |-> "handle_messages" ] >>,
   <<>> >>
/\ depth = 0

@!@!@ENDMSG 2217 @!@!@
@!@!@STARTMSG 2217:4 @!@!@
72: <Action line 402, col 14 to line 414, col 68 of module mutex_merz>
/\ Site_data = <<[myClk |-> 4, enter_cs |-> FALSE, reqClk |-> <<4, 0>>, msgClk |-> <<0, 3>>], [myClk |-> 5, enter_cs |-> FALSE, reqClk |-> <<0, 0>>, msgClk |-> <<4, 0>>]>>
/\ cp = 3
/\ pc = <<"rcv_msg1", "rcv_msg1">>
/\ rcvd = <<[kind |-> "", clk |-> 0], [kind |-> "", clk |-> 0]>>
/\ idS = {}
/\ procQueue = <<<<<<>>, <<>>>>, <<<<[kind |-> "request", clk |-> 4]>>, <<>>>>>>
/\ stack = << << [ pc |-> "check",
        rcvd |-> [kind |-> "", clk |-> 0],
        procedure |-> "handle_messages" ] >>,
   << [ pc |-> "check",
        rcvd |-> [kind |-> "", clk |-> 0],
        procedure |-> "handle_messages" ] >> >>
/\ depth = 0

@!@!@ENDMSG 2217 @!@!@
@!@!@STARTMSG 2217:4 @!@!@
73: <Action line 259, col 19 to line 264, col 75 of module mutex_merz>
/\ Site_data = <<[myClk |-> 4, enter_cs |-> FALSE, reqClk |-> <<4, 0>>, msgClk |-> <<0, 3>>], [myClk |-> 5, enter_cs |-> FALSE, reqClk |-> <<0, 0>>, msgClk |-> <<4, 0>>]>>
/\ cp = 2
/\ pc = <<"rcv_msg1", "rcv_msg2">>
/\ rcvd = <<[kind |-> "", clk |-> 0], [kind |-> "", clk |-> 0]>>
/\ idS = {}
/\ procQueue = <<<<<<>>, <<>>>>, <<<<[kind |-> "request", clk |-> 4]>>, <<>>>>>>
/\ stack = << << [ pc |-> "check",
        rcvd |-> [kind |-> "", clk |-> 0],
        procedure |-> "handle_messages" ] >>,
   << [ pc |-> "check",
        rcvd |-> [kind |-> "", clk |-> 0],
        procedure |-> "handle_messages" ] >> >>
/\ depth = 1

@!@!@ENDMSG 2217 @!@!@
@!@!@STARTMSG 2217:4 @!@!@
74: <Action line 266, col 19 to line 351, col 53 of module mutex_merz>
/\ Site_data = <<[myClk |-> 4, enter_cs |-> FALSE, reqClk |-> <<4, 0>>, msgClk |-> <<0, 3>>], [myClk |-> 5, enter_cs |-> FALSE, reqClk |-> <<0, 0>>, msgClk |-> <<4, 0>>]>>
/\ cp = 2
/\ pc = <<"rcv_msg1", "rcv_msg2">>
/\ rcvd = <<[kind |-> "", clk |-> 0], [kind |-> "", clk |-> 0]>>
/\ idS = 1..2
/\ procQueue = <<<<<<>>, <<>>>>, <<<<[kind |-> "request", clk |-> 4]>>, <<>>>>>>
/\ stack = << << [ pc |-> "check",
        rcvd |-> [kind |-> "", clk |-> 0],
        procedure |-> "handle_messages" ] >>,
   << [ pc |-> "check",
        rcvd |-> [kind |-> "", clk |-> 0],
        procedure |-> "handle_messages" ] >> >>
/\ depth = 1

@!@!@ENDMSG 2217 @!@!@
@!@!@STARTMSG 2217:4 @!@!@
75: <Action line 266, col 19 to line 351, col 53 of module mutex_merz>
/\ Site_data = <<[myClk |-> 4, enter_cs |-> FALSE, reqClk |-> <<4, 0>>, msgClk |-> <<0, 3>>], [myClk |-> 6, enter_cs |-> FALSE, reqClk |-> <<4, 0>>, msgClk |-> <<4, 0>>]>>
/\ cp = 2
/\ pc = <<"rcv_msg1", "rcv_msg2">>
/\ rcvd = <<[kind |-> "", clk |-> 0], [kind |-> "request", clk |-> 4]>>
/\ idS = {2}
/\ procQueue = <<<<<<>>, <<[kind |-> "ack", clk |-> 6]>>>>, <<<<>>, <<>>>>>>
/\ stack = << << [ pc |-> "check",
        rcvd |-> [kind |-> "", clk |-> 0],
        procedure |-> "handle_messages" ] >>,
   << [ pc |-> "check",
        rcvd |-> [kind |-> "", clk |-> 0],
        procedure |-> "handle_messages" ] >> >>
/\ depth = 1

@!@!@ENDMSG 2217 @!@!@
@!@!@STARTMSG 2217:4 @!@!@
76: <Action line 266, col 19 to line 351, col 53 of module mutex_merz>
/\ Site_data = <<[myClk |-> 4, enter_cs |-> FALSE, reqClk |-> <<4, 0>>, msgClk |-> <<0, 3>>], [myClk |-> 6, enter_cs |-> FALSE, reqClk |-> <<4, 0>>, msgClk |-> <<4, 0>>]>>
/\ cp = 2
/\ pc = <<"rcv_msg1", "rcv_msg3">>
/\ rcvd = <<[kind |-> "", clk |-> 0], [kind |-> "request", clk |-> 4]>>
/\ idS = {}
/\ procQueue = <<<<<<>>, <<[kind |-> "ack", clk |-> 6]>>>>, <<<<>>, <<>>>>>>
/\ stack = << << [ pc |-> "check",
        rcvd |-> [kind |-> "", clk |-> 0],
        procedure |-> "handle_messages" ] >>,
   << [ pc |-> "check",
        rcvd |-> [kind |-> "", clk |-> 0],
        procedure |-> "handle_messages" ] >> >>
/\ depth = 1

@!@!@ENDMSG 2217 @!@!@
@!@!@STARTMSG 2217:4 @!@!@
77: <Action line 353, col 19 to line 359, col 75 of module mutex_merz>
/\ Site_data = <<[myClk |-> 4, enter_cs |-> FALSE, reqClk |-> <<4, 0>>, msgClk |-> <<0, 3>>], [myClk |-> 6, enter_cs |-> FALSE, reqClk |-> <<4, 0>>, msgClk |-> <<4, 0>>]>>
/\ cp = 3
/\ pc = <<"rcv_msg1", "end_rcv">>
/\ rcvd = <<[kind |-> "", clk |-> 0], [kind |-> "request", clk |-> 4]>>
/\ idS = {}
/\ procQueue = <<<<<<>>, <<[kind |-> "ack", clk |-> 6]>>>>, <<<<>>, <<>>>>>>
/\ stack = << << [ pc |-> "check",
        rcvd |-> [kind |-> "", clk |-> 0],
        procedure |-> "handle_messages" ] >>,
   << [ pc |-> "check",
        rcvd |-> [kind |-> "", clk |-> 0],
        procedure |-> "handle_messages" ] >> >>
/\ depth = 0

@!@!@ENDMSG 2217 @!@!@
@!@!@STARTMSG 2217:4 @!@!@
78: <Action line 259, col 19 to line 264, col 75 of module mutex_merz>
/\ Site_data = <<[myClk |-> 4, enter_cs |-> FALSE, reqClk |-> <<4, 0>>, msgClk |-> <<0, 3>>], [myClk |-> 6, enter_cs |-> FALSE, reqClk |-> <<4, 0>>, msgClk |-> <<4, 0>>]>>
/\ cp = 1
/\ pc = <<"rcv_msg2", "end_rcv">>
/\ rcvd = <<[kind |-> "", clk |-> 0], [kind |-> "request", clk |-> 4]>>
/\ idS = {}
/\ procQueue = <<<<<<>>, <<[kind |-> "ack", clk |-> 6]>>>>, <<<<>>, <<>>>>>>
/\ stack = << << [ pc |-> "check",
        rcvd |-> [kind |-> "", clk |-> 0],
        procedure |-> "handle_messages" ] >>,
   << [ pc |-> "check",
        rcvd |-> [kind |-> "", clk |-> 0],
        procedure |-> "handle_messages" ] >> >>
/\ depth = 1

@!@!@ENDMSG 2217 @!@!@
@!@!@STARTMSG 2217:4 @!@!@
79: <Action line 266, col 19 to line 351, col 53 of module mutex_merz>
/\ Site_data = <<[myClk |-> 4, enter_cs |-> FALSE, reqClk |-> <<4, 0>>, msgClk |-> <<0, 3>>], [myClk |-> 6, enter_cs |-> FALSE, reqClk |-> <<4, 0>>, msgClk |-> <<4, 0>>]>>
/\ cp = 1
/\ pc = <<"rcv_msg2", "end_rcv">>
/\ rcvd = <<[kind |-> "", clk |-> 0], [kind |-> "request", clk |-> 4]>>
/\ idS = 1..2
/\ procQueue = <<<<<<>>, <<[kind |-> "ack", clk |-> 6]>>>>, <<<<>>, <<>>>>>>
/\ stack = << << [ pc |-> "check",
        rcvd |-> [kind |-> "", clk |-> 0],
        procedure |-> "handle_messages" ] >>,
   << [ pc |-> "check",
        rcvd |-> [kind |-> "", clk |-> 0],
        procedure |-> "handle_messages" ] >> >>
/\ depth = 1

@!@!@ENDMSG 2217 @!@!@
@!@!@STARTMSG 2217:4 @!@!@
80: <Action line 266, col 19 to line 351, col 53 of module mutex_merz>
/\ Site_data = <<[myClk |-> 4, enter_cs |-> FALSE, reqClk |-> <<4, 0>>, msgClk |-> <<0, 3>>], [myClk |-> 6, enter_cs |-> FALSE, reqClk |-> <<4, 0>>, msgClk |-> <<4, 0>>]>>
/\ cp = 1
/\ pc = <<"rcv_msg2", "end_rcv">>
/\ rcvd = <<[kind |-> "", clk |-> 0], [kind |-> "request", clk |-> 4]>>
/\ idS = {2}
/\ procQueue = <<<<<<>>, <<[kind |-> "ack", clk |-> 6]>>>>, <<<<>>, <<>>>>>>
/\ stack = << << [ pc |-> "check",
        rcvd |-> [kind |-> "", clk |-> 0],
        procedure |-> "handle_messages" ] >>,
   << [ pc |-> "check",
        rcvd |-> [kind |-> "", clk |-> 0],
        procedure |-> "handle_messages" ] >> >>
/\ depth = 1

@!@!@ENDMSG 2217 @!@!@
@!@!@STARTMSG 2217:4 @!@!@
81: <Action line 266, col 19 to line 351, col 53 of module mutex_merz>
/\ Site_data = <<[myClk |-> 7, enter_cs |-> FALSE, reqClk |-> <<4, 0>>, msgClk |-> <<0, 6>>], [myClk |-> 6, enter_cs |-> FALSE, reqClk |-> <<4, 0>>, msgClk |-> <<4, 0>>]>>
/\ cp = 1
/\ pc = <<"rcv_msg3", "end_rcv">>
/\ rcvd = <<[kind |-> "ack", clk |-> 6], [kind |-> "request", clk |-> 4]>>
/\ idS = {}
/\ procQueue = <<<<<<>>, <<>>>>, <<<<>>, <<>>>>>>
/\ stack = << << [ pc |-> "check",
        rcvd |-> [kind |-> "", clk |-> 0],
        procedure |-> "handle_messages" ] >>,
   << [ pc |-> "check",
        rcvd |-> [kind |-> "", clk |-> 0],
        procedure |-> "handle_messages" ] >> >>
/\ depth = 1

@!@!@ENDMSG 2217 @!@!@
@!@!@STARTMSG 2217:4 @!@!@
82: <Action line 353, col 19 to line 359, col 75 of module mutex_merz>
/\ Site_data = <<[myClk |-> 7, enter_cs |-> FALSE, reqClk |-> <<4, 0>>, msgClk |-> <<0, 6>>], [myClk |-> 6, enter_cs |-> FALSE, reqClk |-> <<4, 0>>, msgClk |-> <<4, 0>>]>>
/\ cp = 3
/\ pc = <<"end_rcv", "end_rcv">>
/\ rcvd = <<[kind |-> "ack", clk |-> 6], [kind |-> "request", clk |-> 4]>>
/\ idS = {}
/\ procQueue = <<<<<<>>, <<>>>>, <<<<>>, <<>>>>>>
/\ stack = << << [ pc |-> "check",
        rcvd |-> [kind |-> "", clk |-> 0],
        procedure |-> "handle_messages" ] >>,
   << [ pc |-> "check",
        rcvd |-> [kind |-> "", clk |-> 0],
        procedure |-> "handle_messages" ] >> >>
/\ depth = 0

@!@!@ENDMSG 2217 @!@!@
@!@!@STARTMSG 2217:4 @!@!@
83: <Action line 362, col 18 to line 367, col 72 of module mutex_merz>
/\ Site_data = <<[myClk |-> 7, enter_cs |-> FALSE, reqClk |-> <<4, 0>>, msgClk |-> <<0, 6>>], [myClk |-> 6, enter_cs |-> FALSE, reqClk |-> <<4, 0>>, msgClk |-> <<4, 0>>]>>
/\ cp = 3
/\ pc = <<"check", "end_rcv">>
/\ rcvd = <<[kind |-> "", clk |-> 0], [kind |-> "request", clk |-> 4]>>
/\ idS = {}
/\ procQueue = <<<<<<>>, <<>>>>, <<<<>>, <<>>>>>>
/\ stack = << <<>>,
   << [ pc |-> "check",
        rcvd |-> [kind |-> "", clk |-> 0],
        procedure |-> "handle_messages" ] >> >>
/\ depth = 0

@!@!@ENDMSG 2217 @!@!@
@!@!@STARTMSG 2217:4 @!@!@
84: <Action line 362, col 18 to line 367, col 72 of module mutex_merz>
/\ Site_data = <<[myClk |-> 7, enter_cs |-> FALSE, reqClk |-> <<4, 0>>, msgClk |-> <<0, 6>>], [myClk |-> 6, enter_cs |-> FALSE, reqClk |-> <<4, 0>>, msgClk |-> <<4, 0>>]>>
/\ cp = 3
/\ pc = <<"check", "check">>
/\ rcvd = <<[kind |-> "", clk |-> 0], [kind |-> "", clk |-> 0]>>
/\ idS = {}
/\ procQueue = <<<<<<>>, <<>>>>, <<<<>>, <<>>>>>>
/\ stack = <<<<>>, <<>>>>
/\ depth = 0

@!@!@ENDMSG 2217 @!@!@
@!@!@STARTMSG 2217:4 @!@!@
85: <Action line 425, col 16 to line 429, col 72 of module mutex_merz>
/\ Site_data = <<[myClk |-> 7, enter_cs |-> TRUE, reqClk |-> <<4, 0>>, msgClk |-> <<0, 6>>], [myClk |-> 6, enter_cs |-> FALSE, reqClk |-> <<4, 0>>, msgClk |-> <<4, 0>>]>>
/\ cp = 3
/\ pc = <<"try", "check">>
/\ rcvd = <<[kind |-> "", clk |-> 0], [kind |-> "", clk |-> 0]>>
/\ idS = {}
/\ procQueue = <<<<<<>>, <<>>>>, <<<<>>, <<>>>>>>
/\ stack = <<<<>>, <<>>>>
/\ depth = 0

@!@!@ENDMSG 2217 @!@!@
@!@!@STARTMSG 2217:4 @!@!@
86: <Action line 402, col 14 to line 414, col 68 of module mutex_merz>
/\ Site_data = <<[myClk |-> 7, enter_cs |-> TRUE, reqClk |-> <<4, 0>>, msgClk |-> <<0, 6>>], [myClk |-> 6, enter_cs |-> FALSE, reqClk |-> <<4, 0>>, msgClk |-> <<4, 0>>]>>
/\ cp = 3
/\ pc = <<"cs", "check">>
/\ rcvd = <<[kind |-> "", clk |-> 0], [kind |-> "", clk |-> 0]>>
/\ idS = {}
/\ procQueue = <<<<<<>>, <<>>>>, <<<<>>, <<>>>>>>
/\ stack = <<<<>>, <<>>>>
/\ depth = 0

@!@!@ENDMSG 2217 @!@!@
@!@!@STARTMSG 2217:4 @!@!@
87: <Action line 431, col 13 to line 435, col 80 of module mutex_merz>
/\ Site_data = <<[myClk |-> 7, enter_cs |-> TRUE, reqClk |-> <<4, 0>>, msgClk |-> <<0, 6>>], [myClk |-> 6, enter_cs |-> FALSE, reqClk |-> <<4, 0>>, msgClk |-> <<4, 0>>]>>
/\ cp = 3
/\ pc = <<"exit", "check">>
/\ rcvd = <<[kind |-> "", clk |-> 0], [kind |-> "", clk |-> 0]>>
/\ idS = {}
/\ procQueue = <<<<<<>>, <<>>>>, <<<<>>, <<>>>>>>
/\ stack = <<<<>>, <<>>>>
/\ depth = 0

@!@!@ENDMSG 2217 @!@!@
@!@!@STARTMSG 2217:4 @!@!@
88: <Action line 438, col 15 to line 445, col 64 of module mutex_merz>
/\ Site_data = <<[myClk |-> 7, enter_cs |-> FALSE, reqClk |-> <<4, 0>>, msgClk |-> <<0, 6>>], [myClk |-> 6, enter_cs |-> FALSE, reqClk |-> <<4, 0>>, msgClk |-> <<4, 0>>]>>
/\ cp = 3
/\ pc = <<"bcfr1", "check">>
/\ rcvd = <<[kind |-> "", clk |-> 0], [kind |-> "", clk |-> 0]>>
/\ idS = {}
/\ procQueue = <<<<<<>>, <<>>>>, <<<<>>, <<>>>>>>
/\ stack = <<<<[pc |-> "site", procedure |-> "bcst_free"]>>, <<>>>>
/\ depth = 0

@!@!@ENDMSG 2217 @!@!@
@!@!@STARTMSG 2217:4 @!@!@
89: <Action line 211, col 16 to line 216, col 72 of module mutex_merz>
/\ Site_data = <<[myClk |-> 7, enter_cs |-> FALSE, reqClk |-> <<4, 0>>, msgClk |-> <<0, 6>>], [myClk |-> 6, enter_cs |-> FALSE, reqClk |-> <<4, 0>>, msgClk |-> <<4, 0>>]>>
/\ cp = 1
/\ pc = <<"bcfr2", "check">>
/\ rcvd = <<[kind |-> "", clk |-> 0], [kind |-> "", clk |-> 0]>>
/\ idS = {}
/\ procQueue = <<<<<<>>, <<>>>>, <<<<>>, <<>>>>>>
/\ stack = <<<<[pc |-> "site", procedure |-> "bcst_free"]>>, <<>>>>
/\ depth = 1

@!@!@ENDMSG 2217 @!@!@
@!@!@STARTMSG 2217:4 @!@!@
90: <Action line 218, col 16 to line 238, col 67 of module mutex_merz>
/\ Site_data = <<[myClk |-> 7, enter_cs |-> FALSE, reqClk |-> <<4, 0>>, msgClk |-> <<0, 6>>], [myClk |-> 6, enter_cs |-> FALSE, reqClk |-> <<4, 0>>, msgClk |-> <<4, 0>>]>>
/\ cp = 1
/\ pc = <<"bcfr2", "check">>
/\ rcvd = <<[kind |-> "", clk |-> 0], [kind |-> "", clk |-> 0]>>
/\ idS = {2}
/\ procQueue = <<<<<<>>, <<>>>>, <<<<>>, <<>>>>>>
/\ stack = <<<<[pc |-> "site", procedure |-> "bcst_free"]>>, <<>>>>
/\ depth = 1

@!@!@ENDMSG 2217 @!@!@
@!@!@STARTMSG 2217:4 @!@!@
91: <Action line 218, col 16 to line 238, col 67 of module mutex_merz>
/\ Site_data = <<[myClk |-> 7, enter_cs |-> FALSE, reqClk |-> <<4, 0>>, msgClk |-> <<0, 6>>], [myClk |-> 6, enter_cs |-> FALSE, reqClk |-> <<4, 0>>, msgClk |-> <<4, 0>>]>>
/\ cp = 1
/\ pc = <<"bcfr3", "check">>
/\ rcvd = <<[kind |-> "", clk |-> 0], [kind |-> "", clk |-> 0]>>
/\ idS = {}
/\ procQueue = <<<<<<>>, <<>>>>, <<<<[kind |-> "free", clk |-> 7]>>, <<>>>>>>
/\ stack = <<<<[pc |-> "site", procedure |-> "bcst_free"]>>, <<>>>>
/\ depth = 1

@!@!@ENDMSG 2217 @!@!@
@!@!@STARTMSG 2217:4 @!@!@
92: <Action line 242, col 16 to line 248, col 61 of module mutex_merz>
/\ Site_data = <<[myClk |-> 7, enter_cs |-> FALSE, reqClk |-> <<0, 0>>, msgClk |-> <<0, 6>>], [myClk |-> 6, enter_cs |-> FALSE, reqClk |-> <<4, 0>>, msgClk |-> <<4, 0>>]>>
/\ cp = 3
/\ pc = <<"end_bcfr", "check">>
/\ rcvd = <<[kind |-> "", clk |-> 0], [kind |-> "", clk |-> 0]>>
/\ idS = {}
/\ procQueue = <<<<<<>>, <<>>>>, <<<<[kind |-> "free", clk |-> 7]>>, <<>>>>>>
/\ stack = <<<<[pc |-> "site", procedure |-> "bcst_free"]>>, <<>>>>
/\ depth = 0

@!@!@ENDMSG 2217 @!@!@
@!@!@STARTMSG 2217:4 @!@!@
93: <Action line 250, col 19 to line 254, col 79 of module mutex_merz>
/\ Site_data = <<[myClk |-> 7, enter_cs |-> FALSE, reqClk |-> <<0, 0>>, msgClk |-> <<0, 6>>], [myClk |-> 6, enter_cs |-> FALSE, reqClk |-> <<4, 0>>, msgClk |-> <<4, 0>>]>>
/\ cp = 3
/\ pc = <<"site", "check">>
/\ rcvd = <<[kind |-> "", clk |-> 0], [kind |-> "", clk |-> 0]>>
/\ idS = {}
/\ procQueue = <<<<<<>>, <<>>>>, <<<<[kind |-> "free", clk |-> 7]>>, <<>>>>>>
/\ stack = <<<<>>, <<>>>>
/\ depth = 0

@!@!@ENDMSG 2217 @!@!@
@!@!@STARTMSG 2217:4 @!@!@
94: <Action line 372, col 15 to line 378, col 42 of module mutex_merz>
/\ Site_data = <<[myClk |-> 7, enter_cs |-> FALSE, reqClk |-> <<0, 0>>, msgClk |-> <<0, 6>>], [myClk |-> 6, enter_cs |-> FALSE, reqClk |-> <<4, 0>>, msgClk |-> <<4, 0>>]>>
/\ cp = 3
/\ pc = <<"Done", "check">>
/\ rcvd = <<[kind |-> "", clk |-> 0], [kind |-> "", clk |-> 0]>>
/\ idS = {}
/\ procQueue = <<<<<<>>, <<>>>>, <<<<[kind |-> "free", clk |-> 7]>>, <<>>>>>>
/\ stack = <<<<>>, <<>>>>
/\ depth = 0

@!@!@ENDMSG 2217 @!@!@
@!@!@STARTMSG 2217:4 @!@!@
95: <Action line 425, col 16 to line 429, col 72 of module mutex_merz>
/\ Site_data = <<[myClk |-> 7, enter_cs |-> FALSE, reqClk |-> <<0, 0>>, msgClk |-> <<0, 6>>], [myClk |-> 6, enter_cs |-> FALSE, reqClk |-> <<4, 0>>, msgClk |-> <<4, 0>>]>>
/\ cp = 3
/\ pc = <<"Done", "try">>
/\ rcvd = <<[kind |-> "", clk |-> 0], [kind |-> "", clk |-> 0]>>
/\ idS = {}
/\ procQueue = <<<<<<>>, <<>>>>, <<<<[kind |-> "free", clk |-> 7]>>, <<>>>>>>
/\ stack = <<<<>>, <<>>>>
/\ depth = 0

@!@!@ENDMSG 2217 @!@!@
@!@!@STARTMSG 2217:4 @!@!@
96: <Action line 402, col 14 to line 414, col 68 of module mutex_merz>
/\ Site_data = <<[myClk |-> 7, enter_cs |-> FALSE, reqClk |-> <<0, 0>>, msgClk |-> <<0, 6>>], [myClk |-> 6, enter_cs |-> FALSE, reqClk |-> <<4, 0>>, msgClk |-> <<4, 0>>]>>
/\ cp = 3
/\ pc = <<"Done", "rcv_msg1">>
/\ rcvd = <<[kind |-> "", clk |-> 0], [kind |-> "", clk |-> 0]>>
/\ idS = {}
/\ procQueue = <<<<<<>>, <<>>>>, <<<<[kind |-> "free", clk |-> 7]>>, <<>>>>>>
/\ stack = << <<>>,
   << [ pc |-> "check",
        rcvd |-> [kind |-> "", clk |-> 0],
        procedure |-> "handle_messages" ] >> >>
/\ depth = 0

@!@!@ENDMSG 2217 @!@!@
@!@!@STARTMSG 2217:4 @!@!@
97: <Action line 259, col 19 to line 264, col 75 of module mutex_merz>
/\ Site_data = <<[myClk |-> 7, enter_cs |-> FALSE, reqClk |-> <<0, 0>>, msgClk |-> <<0, 6>>], [myClk |-> 6, enter_cs |-> FALSE, reqClk |-> <<4, 0>>, msgClk |-> <<4, 0>>]>>
/\ cp = 2
/\ pc = <<"Done", "rcv_msg2">>
/\ rcvd = <<[kind |-> "", clk |-> 0], [kind |-> "", clk |-> 0]>>
/\ idS = {}
/\ procQueue = <<<<<<>>, <<>>>>, <<<<[kind |-> "free", clk |-> 7]>>, <<>>>>>>
/\ stack = << <<>>,
   << [ pc |-> "check",
        rcvd |-> [kind |-> "", clk |-> 0],
        procedure |-> "handle_messages" ] >> >>
/\ depth = 1

@!@!@ENDMSG 2217 @!@!@
@!@!@STARTMSG 2217:4 @!@!@
98: <Action line 266, col 19 to line 351, col 53 of module mutex_merz>
/\ Site_data = <<[myClk |-> 7, enter_cs |-> FALSE, reqClk |-> <<0, 0>>, msgClk |-> <<0, 6>>], [myClk |-> 6, enter_cs |-> FALSE, reqClk |-> <<4, 0>>, msgClk |-> <<4, 0>>]>>
/\ cp = 2
/\ pc = <<"Done", "rcv_msg2">>
/\ rcvd = <<[kind |-> "", clk |-> 0], [kind |-> "", clk |-> 0]>>
/\ idS = 1..2
/\ procQueue = <<<<<<>>, <<>>>>, <<<<[kind |-> "free", clk |-> 7]>>, <<>>>>>>
/\ stack = << <<>>,
   << [ pc |-> "check",
        rcvd |-> [kind |-> "", clk |-> 0],
        procedure |-> "handle_messages" ] >> >>
/\ depth = 1

@!@!@ENDMSG 2217 @!@!@
@!@!@STARTMSG 2217:4 @!@!@
99: <Action line 266, col 19 to line 351, col 53 of module mutex_merz>
/\ Site_data = <<[myClk |-> 7, enter_cs |-> FALSE, reqClk |-> <<0, 0>>, msgClk |-> <<0, 6>>], [myClk |-> 8, enter_cs |-> FALSE, reqClk |-> <<0, 0>>, msgClk |-> <<7, 0>>]>>
/\ cp = 2
/\ pc = <<"Done", "rcv_msg2">>
/\ rcvd = <<[kind |-> "", clk |-> 0], [kind |-> "free", clk |-> 7]>>
/\ idS = {2}
/\ procQueue = <<<<<<>>, <<>>>>, <<<<>>, <<>>>>>>
/\ stack = << <<>>,
   << [ pc |-> "check",
        rcvd |-> [kind |-> "", clk |-> 0],
        procedure |-> "handle_messages" ] >> >>
/\ depth = 1

@!@!@ENDMSG 2217 @!@!@
@!@!@STARTMSG 2217:4 @!@!@
100: <Action line 266, col 19 to line 351, col 53 of module mutex_merz>
/\ Site_data = <<[myClk |-> 7, enter_cs |-> FALSE, reqClk |-> <<0, 0>>, msgClk |-> <<0, 6>>], [myClk |-> 8, enter_cs |-> FALSE, reqClk |-> <<0, 0>>, msgClk |-> <<7, 0>>]>>
/\ cp = 2
/\ pc = <<"Done", "rcv_msg3">>
/\ rcvd = <<[kind |-> "", clk |-> 0], [kind |-> "free", clk |-> 7]>>
/\ idS = {}
/\ procQueue = <<<<<<>>, <<>>>>, <<<<>>, <<>>>>>>
/\ stack = << <<>>,
   << [ pc |-> "check",
        rcvd |-> [kind |-> "", clk |-> 0],
        procedure |-> "handle_messages" ] >> >>
/\ depth = 1

@!@!@ENDMSG 2217 @!@!@
@!@!@STARTMSG 2217:4 @!@!@
101: <Action line 353, col 19 to line 359, col 75 of module mutex_merz>
/\ Site_data = <<[myClk |-> 7, enter_cs |-> FALSE, reqClk |-> <<0, 0>>, msgClk |-> <<0, 6>>], [myClk |-> 8, enter_cs |-> FALSE, reqClk |-> <<0, 0>>, msgClk |-> <<7, 0>>]>>
/\ cp = 3
/\ pc = <<"Done", "end_rcv">>
/\ rcvd = <<[kind |-> "", clk |-> 0], [kind |-> "free", clk |-> 7]>>
/\ idS = {}
/\ procQueue = <<<<<<>>, <<>>>>, <<<<>>, <<>>>>>>
/\ stack = << <<>>,
   << [ pc |-> "check",
        rcvd |-> [kind |-> "", clk |-> 0],
        procedure |-> "handle_messages" ] >> >>
/\ depth = 0

@!@!@ENDMSG 2217 @!@!@
@!@!@STARTMSG 2217:4 @!@!@
102: <Action line 362, col 18 to line 367, col 72 of module mutex_merz>
/\ Site_data = <<[myClk |-> 7, enter_cs |-> FALSE, reqClk |-> <<0, 0>>, msgClk |-> <<0, 6>>], [myClk |-> 8, enter_cs |-> FALSE, reqClk |-> <<0, 0>>, msgClk |-> <<7, 0>>]>>
/\ cp = 3
/\ pc = <<"Done", "check">>
/\ rcvd = <<[kind |-> "", clk |-> 0], [kind |-> "", clk |-> 0]>>
/\ idS = {}
/\ procQueue = <<<<<<>>, <<>>>>, <<<<>>, <<>>>>>>
/\ stack = <<<<>>, <<>>>>
/\ depth = 0

@!@!@ENDMSG 2217 @!@!@
@!@!@STARTMSG 2217:4 @!@!@
103: <Action line 425, col 16 to line 429, col 72 of module mutex_merz>
/\ Site_data = <<[myClk |-> 7, enter_cs |-> FALSE, reqClk |-> <<0, 0>>, msgClk |-> <<0, 6>>], [myClk |-> 8, enter_cs |-> FALSE, reqClk |-> <<0, 0>>, msgClk |-> <<7, 0>>]>>
/\ cp = 3
/\ pc = <<"Done", "try">>
/\ rcvd = <<[kind |-> "", clk |-> 0], [kind |-> "", clk |-> 0]>>
/\ idS = {}
/\ procQueue = <<<<<<>>, <<>>>>, <<<<>>, <<>>>>>>
/\ stack = <<<<>>, <<>>>>
/\ depth = 0

@!@!@ENDMSG 2217 @!@!@
@!@!@STARTMSG 2217:4 @!@!@
104: <Action line 402, col 14 to line 414, col 68 of module mutex_merz>
/\ Site_data = <<[myClk |-> 7, enter_cs |-> FALSE, reqClk |-> <<0, 0>>, msgClk |-> <<0, 6>>], [myClk |-> 8, enter_cs |-> FALSE, reqClk |-> <<0, 0>>, msgClk |-> <<7, 0>>]>>
/\ cp = 3
/\ pc = <<"Done", "rcv_msg1">>
/\ rcvd = <<[kind |-> "", clk |-> 0], [kind |-> "", clk |-> 0]>>
/\ idS = {}
/\ procQueue = <<<<<<>>, <<>>>>, <<<<>>, <<>>>>>>
/\ stack = << <<>>,
   << [ pc |-> "check",
        rcvd |-> [kind |-> "", clk |-> 0],
        procedure |-> "handle_messages" ] >> >>
/\ depth = 0

@!@!@ENDMSG 2217 @!@!@
@!@!@STARTMSG 2217:4 @!@!@
105: <Action line 259, col 19 to line 264, col 75 of module mutex_merz>
/\ Site_data = <<[myClk |-> 7, enter_cs |-> FALSE, reqClk |-> <<0, 0>>, msgClk |-> <<0, 6>>], [myClk |-> 8, enter_cs |-> FALSE, reqClk |-> <<0, 0>>, msgClk |-> <<7, 0>>]>>
/\ cp = 2
/\ pc = <<"Done", "rcv_msg2">>
/\ rcvd = <<[kind |-> "", clk |-> 0], [kind |-> "", clk |-> 0]>>
/\ idS = {}
/\ procQueue = <<<<<<>>, <<>>>>, <<<<>>, <<>>>>>>
/\ stack = << <<>>,
   << [ pc |-> "check",
        rcvd |-> [kind |-> "", clk |-> 0],
        procedure |-> "handle_messages" ] >> >>
/\ depth = 1

@!@!@ENDMSG 2217 @!@!@
@!@!@STARTMSG 2217:4 @!@!@
106: <Action line 266, col 19 to line 351, col 53 of module mutex_merz>
/\ Site_data = <<[myClk |-> 7, enter_cs |-> FALSE, reqClk |-> <<0, 0>>, msgClk |-> <<0, 6>>], [myClk |-> 8, enter_cs |-> FALSE, reqClk |-> <<0, 0>>, msgClk |-> <<7, 0>>]>>
/\ cp = 2
/\ pc = <<"Done", "rcv_msg2">>
/\ rcvd = <<[kind |-> "", clk |-> 0], [kind |-> "", clk |-> 0]>>
/\ idS = 1..2
/\ procQueue = <<<<<<>>, <<>>>>, <<<<>>, <<>>>>>>
/\ stack = << <<>>,
   << [ pc |-> "check",
        rcvd |-> [kind |-> "", clk |-> 0],
        procedure |-> "handle_messages" ] >> >>
/\ depth = 1

@!@!@ENDMSG 2217 @!@!@
@!@!@STARTMSG 2217:4 @!@!@
107: <Action line 266, col 19 to line 351, col 53 of module mutex_merz>
/\ Site_data = <<[myClk |-> 7, enter_cs |-> FALSE, reqClk |-> <<0, 0>>, msgClk |-> <<0, 6>>], [myClk |-> 8, enter_cs |-> FALSE, reqClk |-> <<0, 0>>, msgClk |-> <<7, 0>>]>>
/\ cp = 2
/\ pc = <<"Done", "rcv_msg2">>
/\ rcvd = <<[kind |-> "", clk |-> 0], [kind |-> "", clk |-> 0]>>
/\ idS = {2}
/\ procQueue = <<<<<<>>, <<>>>>, <<<<>>, <<>>>>>>
/\ stack = << <<>>,
   << [ pc |-> "check",
        rcvd |-> [kind |-> "", clk |-> 0],
        procedure |-> "handle_messages" ] >> >>
/\ depth = 1

@!@!@ENDMSG 2217 @!@!@
@!@!@STARTMSG 2217:4 @!@!@
108: <Action line 266, col 19 to line 351, col 53 of module mutex_merz>
/\ Site_data = <<[myClk |-> 7, enter_cs |-> FALSE, reqClk |-> <<0, 0>>, msgClk |-> <<0, 6>>], [myClk |-> 8, enter_cs |-> FALSE, reqClk |-> <<0, 0>>, msgClk |-> <<7, 0>>]>>
/\ cp = 2
/\ pc = <<"Done", "rcv_msg3">>
/\ rcvd = <<[kind |-> "", clk |-> 0], [kind |-> "", clk |-> 0]>>
/\ idS = {}
/\ procQueue = <<<<<<>>, <<>>>>, <<<<>>, <<>>>>>>
/\ stack = << <<>>,
   << [ pc |-> "check",
        rcvd |-> [kind |-> "", clk |-> 0],
        procedure |-> "handle_messages" ] >> >>
/\ depth = 1

@!@!@ENDMSG 2217 @!@!@
@!@!@STARTMSG 2217:4 @!@!@
109: <Action line 353, col 19 to line 359, col 75 of module mutex_merz>
/\ Site_data = <<[myClk |-> 7, enter_cs |-> FALSE, reqClk |-> <<0, 0>>, msgClk |-> <<0, 6>>], [myClk |-> 8, enter_cs |-> FALSE, reqClk |-> <<0, 0>>, msgClk |-> <<7, 0>>]>>
/\ cp = 3
/\ pc = <<"Done", "end_rcv">>
/\ rcvd = <<[kind |-> "", clk |-> 0], [kind |-> "", clk |-> 0]>>
/\ idS = {}
/\ procQueue = <<<<<<>>, <<>>>>, <<<<>>, <<>>>>>>
/\ stack = << <<>>,
   << [ pc |-> "check",
        rcvd |-> [kind |-> "", clk |-> 0],
        procedure |-> "handle_messages" ] >> >>
/\ depth = 0

@!@!@ENDMSG 2217 @!@!@
@!@!@STARTMSG 2122:4 @!@!@
102: Back to state.

@!@!@ENDMSG 2122 @!@!@
@!@!@STARTMSG 2201:0 @!@!@
The coverage statistics at 2015-10-05 20:47:21
@!@!@ENDMSG 2201 @!@!@
@!@!@STARTMSG 2221:0 @!@!@
  line 144, col 12 to line 144, col 20 of module mutex_merz: 0
@!@!@ENDMSG 2221 @!@!@
@!@!@STARTMSG 2221:0 @!@!@
  line 144, col 23 to line 144, col 25 of module mutex_merz: 0
@!@!@ENDMSG 2221 @!@!@
@!@!@STARTMSG 2221:0 @!@!@
  line 144, col 28 to line 144, col 29 of module mutex_merz: 0
@!@!@ENDMSG 2221 @!@!@
@!@!@STARTMSG 2221:0 @!@!@
  line 144, col 32 to line 144, col 36 of module mutex_merz: 0
@!@!@ENDMSG 2221 @!@!@
@!@!@STARTMSG 2221:0 @!@!@
  line 144, col 39 to line 144, col 40 of module mutex_merz: 0
@!@!@ENDMSG 2221 @!@!@
@!@!@STARTMSG 2221:0 @!@!@
  line 144, col 43 to line 144, col 47 of module mutex_merz: 0
@!@!@ENDMSG 2221 @!@!@
@!@!@STARTMSG 2221:0 @!@!@
  line 144, col 50 to line 144, col 53 of module mutex_merz: 0
@!@!@ENDMSG 2221 @!@!@
@!@!@STARTMSG 2221:0 @!@!@
  line 144, col 56 to line 144, col 64 of module mutex_merz: 0
@!@!@ENDMSG 2221 @!@!@
@!@!@STARTMSG 2221:0 @!@!@
  line 165, col 19 to line 165, col 28 of module mutex_merz: 62
@!@!@ENDMSG 2221 @!@!@
@!@!@STARTMSG 2221:0 @!@!@
  line 166, col 19 to line 166, col 36 of module mutex_merz: 62
@!@!@ENDMSG 2221 @!@!@
@!@!@STARTMSG 2221:0 @!@!@
  line 167, col 19 to line 167, col 54 of module mutex_merz: 62
@!@!@ENDMSG 2221 @!@!@
@!@!@STARTMSG 2221:0 @!@!@
  line 168, col 32 to line 168, col 40 of module mutex_merz: 62
@!@!@ENDMSG 2221 @!@!@
@!@!@STARTMSG 2221:0 @!@!@
  line 168, col 43 to line 168, col 45 of module mutex_merz: 62
@!@!@ENDMSG 2221 @!@!@
@!@!@STARTMSG 2221:0 @!@!@
  line 168, col 48 to line 168, col 52 of module mutex_merz: 62
@!@!@ENDMSG 2221 @!@!@
@!@!@STARTMSG 2221:0 @!@!@
  line 168, col 55 to line 168, col 58 of module mutex_merz: 62
@!@!@ENDMSG 2221 @!@!@
@!@!@STARTMSG 2221:0 @!@!@
  line 168, col 61 to line 168, col 69 of module mutex_merz: 62
@!@!@ENDMSG 2221 @!@!@
@!@!@STARTMSG 2221:0 @!@!@
  line 174, col 30 to line 174, col 65 of module mutex_merz: 62
@!@!@ENDMSG 2221 @!@!@
@!@!@STARTMSG 2221:0 @!@!@
  line 175, col 30 to line 175, col 40 of module mutex_merz: 62
@!@!@ENDMSG 2221 @!@!@
@!@!@STARTMSG 2221:0 @!@!@
  line 176, col 40 to line 176, col 48 of module mutex_merz: 62
@!@!@ENDMSG 2221 @!@!@
@!@!@STARTMSG 2221:0 @!@!@
  line 182, col 55 to line 182, col 90 of module mutex_merz: 0
@!@!@ENDMSG 2221 @!@!@
@!@!@STARTMSG 2221:0 @!@!@
  line 183, col 55 to line 183, col 77 of module mutex_merz: 0
@!@!@ENDMSG 2221 @!@!@
@!@!@STARTMSG 2221:0 @!@!@
  line 184, col 55 to line 184, col 65 of module mutex_merz: 0
@!@!@ENDMSG 2221 @!@!@
@!@!@STARTMSG 2221:0 @!@!@
  line 185, col 55 to line 185, col 90 of module mutex_merz: 62
@!@!@ENDMSG 2221 @!@!@
@!@!@STARTMSG 2221:0 @!@!@
  line 186, col 55 to line 186, col 77 of module mutex_merz: 62
@!@!@ENDMSG 2221 @!@!@
@!@!@STARTMSG 2221:0 @!@!@
  line 187, col 55 to line 187, col 65 of module mutex_merz: 62
@!@!@ENDMSG 2221 @!@!@
@!@!@STARTMSG 2221:0 @!@!@
  line 188, col 41 to line 188, col 76 of module mutex_merz: 0
@!@!@ENDMSG 2221 @!@!@
@!@!@STARTMSG 2221:0 @!@!@
  line 189, col 54 to line 189, col 62 of module mutex_merz: 0
@!@!@ENDMSG 2221 @!@!@
@!@!@STARTMSG 2221:0 @!@!@
  line 189, col 65 to line 189, col 67 of module mutex_merz: 0
@!@!@ENDMSG 2221 @!@!@
@!@!@STARTMSG 2221:0 @!@!@
  line 190, col 32 to line 190, col 33 of module mutex_merz: 124
@!@!@ENDMSG 2221 @!@!@
@!@!@STARTMSG 2221:0 @!@!@
  line 190, col 36 to line 190, col 40 of module mutex_merz: 124
@!@!@ENDMSG 2221 @!@!@
@!@!@STARTMSG 2221:0 @!@!@
  line 190, col 43 to line 190, col 47 of module mutex_merz: 124
@!@!@ENDMSG 2221 @!@!@
@!@!@STARTMSG 2221:0 @!@!@
  line 190, col 50 to line 190, col 53 of module mutex_merz: 124
@!@!@ENDMSG 2221 @!@!@
@!@!@STARTMSG 2221:0 @!@!@
  line 190, col 56 to line 190, col 64 of module mutex_merz: 124
@!@!@ENDMSG 2221 @!@!@
@!@!@STARTMSG 2221:0 @!@!@
  line 196, col 19 to line 196, col 36 of module mutex_merz: 62
@!@!@ENDMSG 2221 @!@!@
@!@!@STARTMSG 2221:0 @!@!@
  line 197, col 19 to line 197, col 59 of module mutex_merz: 62
@!@!@ENDMSG 2221 @!@!@
@!@!@STARTMSG 2221:0 @!@!@
  line 198, col 19 to line 198, col 57 of module mutex_merz: 62
@!@!@ENDMSG 2221 @!@!@
@!@!@STARTMSG 2221:0 @!@!@
  line 199, col 19 to line 199, col 74 of module mutex_merz: 62
@!@!@ENDMSG 2221 @!@!@
@!@!@STARTMSG 2221:0 @!@!@
  line 200, col 32 to line 200, col 40 of module mutex_merz: 62
@!@!@ENDMSG 2221 @!@!@
@!@!@STARTMSG 2221:0 @!@!@
  line 200, col 43 to line 200, col 45 of module mutex_merz: 62
@!@!@ENDMSG 2221 @!@!@
@!@!@STARTMSG 2221:0 @!@!@
  line 200, col 48 to line 200, col 52 of module mutex_merz: 62
@!@!@ENDMSG 2221 @!@!@
@!@!@STARTMSG 2221:0 @!@!@
  line 200, col 55 to line 200, col 58 of module mutex_merz: 62
@!@!@ENDMSG 2221 @!@!@
@!@!@STARTMSG 2221:0 @!@!@
  line 204, col 22 to line 204, col 70 of module mutex_merz: 114
@!@!@ENDMSG 2221 @!@!@
@!@!@STARTMSG 2221:0 @!@!@
  line 205, col 22 to line 205, col 73 of module mutex_merz: 114
@!@!@ENDMSG 2221 @!@!@
@!@!@STARTMSG 2221:0 @!@!@
  line 206, col 35 to line 206, col 43 of module mutex_merz: 114
@!@!@ENDMSG 2221 @!@!@
@!@!@STARTMSG 2221:0 @!@!@
  line 206, col 46 to line 206, col 48 of module mutex_merz: 114
@!@!@ENDMSG 2221 @!@!@
@!@!@STARTMSG 2221:0 @!@!@
  line 206, col 51 to line 206, col 52 of module mutex_merz: 114
@!@!@ENDMSG 2221 @!@!@
@!@!@STARTMSG 2221:0 @!@!@
  line 206, col 55 to line 206, col 59 of module mutex_merz: 114
@!@!@ENDMSG 2221 @!@!@
@!@!@STARTMSG 2221:0 @!@!@
  line 206, col 62 to line 206, col 65 of module mutex_merz: 114
@!@!@ENDMSG 2221 @!@!@
@!@!@STARTMSG 2221:0 @!@!@
  line 206, col 68 to line 206, col 76 of module mutex_merz: 114
@!@!@ENDMSG 2221 @!@!@
@!@!@STARTMSG 2221:0 @!@!@
  line 213, col 19 to line 213, col 28 of module mutex_merz: 20
@!@!@ENDMSG 2221 @!@!@
@!@!@STARTMSG 2221:0 @!@!@
  line 214, col 19 to line 214, col 36 of module mutex_merz: 20
@!@!@ENDMSG 2221 @!@!@
@!@!@STARTMSG 2221:0 @!@!@
  line 215, col 19 to line 215, col 54 of module mutex_merz: 20
@!@!@ENDMSG 2221 @!@!@
@!@!@STARTMSG 2221:0 @!@!@
  line 216, col 32 to line 216, col 40 of module mutex_merz: 20
@!@!@ENDMSG 2221 @!@!@
@!@!@STARTMSG 2221:0 @!@!@
  line 216, col 43 to line 216, col 45 of module mutex_merz: 20
@!@!@ENDMSG 2221 @!@!@
@!@!@STARTMSG 2221:0 @!@!@
  line 216, col 48 to line 216, col 52 of module mutex_merz: 20
@!@!@ENDMSG 2221 @!@!@
@!@!@STARTMSG 2221:0 @!@!@
  line 216, col 55 to line 216, col 58 of module mutex_merz: 20
@!@!@ENDMSG 2221 @!@!@
@!@!@STARTMSG 2221:0 @!@!@
  line 216, col 61 to line 216, col 69 of module mutex_merz: 20
@!@!@ENDMSG 2221 @!@!@
@!@!@STARTMSG 2221:0 @!@!@
  line 222, col 30 to line 222, col 65 of module mutex_merz: 20
@!@!@ENDMSG 2221 @!@!@
@!@!@STARTMSG 2221:0 @!@!@
  line 223, col 30 to line 223, col 40 of module mutex_merz: 20
@!@!@ENDMSG 2221 @!@!@
@!@!@STARTMSG 2221:0 @!@!@
  line 224, col 40 to line 224, col 48 of module mutex_merz: 20
@!@!@ENDMSG 2221 @!@!@
@!@!@STARTMSG 2221:0 @!@!@
  line 230, col 55 to line 230, col 90 of module mutex_merz: 0
@!@!@ENDMSG 2221 @!@!@
@!@!@STARTMSG 2221:0 @!@!@
  line 231, col 55 to line 231, col 77 of module mutex_merz: 0
@!@!@ENDMSG 2221 @!@!@
@!@!@STARTMSG 2221:0 @!@!@
  line 232, col 55 to line 232, col 65 of module mutex_merz: 0
@!@!@ENDMSG 2221 @!@!@
@!@!@STARTMSG 2221:0 @!@!@
  line 233, col 55 to line 233, col 90 of module mutex_merz: 20
@!@!@ENDMSG 2221 @!@!@
@!@!@STARTMSG 2221:0 @!@!@
  line 234, col 55 to line 234, col 77 of module mutex_merz: 20
@!@!@ENDMSG 2221 @!@!@
@!@!@STARTMSG 2221:0 @!@!@
  line 235, col 55 to line 235, col 65 of module mutex_merz: 20
@!@!@ENDMSG 2221 @!@!@
@!@!@STARTMSG 2221:0 @!@!@
  line 236, col 41 to line 236, col 76 of module mutex_merz: 0
@!@!@ENDMSG 2221 @!@!@
@!@!@STARTMSG 2221:0 @!@!@
  line 237, col 54 to line 237, col 62 of module mutex_merz: 0
@!@!@ENDMSG 2221 @!@!@
@!@!@STARTMSG 2221:0 @!@!@
  line 237, col 65 to line 237, col 67 of module mutex_merz: 0
@!@!@ENDMSG 2221 @!@!@
@!@!@STARTMSG 2221:0 @!@!@
  line 238, col 32 to line 238, col 33 of module mutex_merz: 40
@!@!@ENDMSG 2221 @!@!@
@!@!@STARTMSG 2221:0 @!@!@
  line 238, col 36 to line 238, col 40 of module mutex_merz: 40
@!@!@ENDMSG 2221 @!@!@
@!@!@STARTMSG 2221:0 @!@!@
  line 238, col 43 to line 238, col 47 of module mutex_merz: 40
@!@!@ENDMSG 2221 @!@!@
@!@!@STARTMSG 2221:0 @!@!@
  line 238, col 50 to line 238, col 53 of module mutex_merz: 40
@!@!@ENDMSG 2221 @!@!@
@!@!@STARTMSG 2221:0 @!@!@
  line 238, col 56 to line 238, col 64 of module mutex_merz: 40
@!@!@ENDMSG 2221 @!@!@
@!@!@STARTMSG 2221:0 @!@!@
  line 244, col 19 to line 244, col 36 of module mutex_merz: 20
@!@!@ENDMSG 2221 @!@!@
@!@!@STARTMSG 2221:0 @!@!@
  line 245, col 19 to line 245, col 59 of module mutex_merz: 20
@!@!@ENDMSG 2221 @!@!@
@!@!@STARTMSG 2221:0 @!@!@
  line 246, col 19 to line 246, col 57 of module mutex_merz: 20
@!@!@ENDMSG 2221 @!@!@
@!@!@STARTMSG 2221:0 @!@!@
  line 247, col 19 to line 247, col 74 of module mutex_merz: 20
@!@!@ENDMSG 2221 @!@!@
@!@!@STARTMSG 2221:0 @!@!@
  line 248, col 32 to line 248, col 40 of module mutex_merz: 20
@!@!@ENDMSG 2221 @!@!@
@!@!@STARTMSG 2221:0 @!@!@
  line 248, col 43 to line 248, col 45 of module mutex_merz: 20
@!@!@ENDMSG 2221 @!@!@
@!@!@STARTMSG 2221:0 @!@!@
  line 248, col 48 to line 248, col 52 of module mutex_merz: 20
@!@!@ENDMSG 2221 @!@!@
@!@!@STARTMSG 2221:0 @!@!@
  line 248, col 55 to line 248, col 58 of module mutex_merz: 20
@!@!@ENDMSG 2221 @!@!@
@!@!@STARTMSG 2221:0 @!@!@
  line 252, col 22 to line 252, col 70 of module mutex_merz: 40
@!@!@ENDMSG 2221 @!@!@
@!@!@STARTMSG 2221:0 @!@!@
  line 253, col 22 to line 253, col 73 of module mutex_merz: 40
@!@!@ENDMSG 2221 @!@!@
@!@!@STARTMSG 2221:0 @!@!@
  line 254, col 35 to line 254, col 43 of module mutex_merz: 40
@!@!@ENDMSG 2221 @!@!@
@!@!@STARTMSG 2221:0 @!@!@
  line 254, col 46 to line 254, col 48 of module mutex_merz: 40
@!@!@ENDMSG 2221 @!@!@
@!@!@STARTMSG 2221:0 @!@!@
  line 254, col 51 to line 254, col 52 of module mutex_merz: 40
@!@!@ENDMSG 2221 @!@!@
@!@!@STARTMSG 2221:0 @!@!@
  line 254, col 55 to line 254, col 59 of module mutex_merz: 40
@!@!@ENDMSG 2221 @!@!@
@!@!@STARTMSG 2221:0 @!@!@
  line 254, col 62 to line 254, col 65 of module mutex_merz: 40
@!@!@ENDMSG 2221 @!@!@
@!@!@STARTMSG 2221:0 @!@!@
  line 254, col 68 to line 254, col 76 of module mutex_merz: 40
@!@!@ENDMSG 2221 @!@!@
@!@!@STARTMSG 2221:0 @!@!@
  line 261, col 22 to line 261, col 31 of module mutex_merz: 352
@!@!@ENDMSG 2221 @!@!@
@!@!@STARTMSG 2221:0 @!@!@
  line 262, col 22 to line 262, col 39 of module mutex_merz: 352
@!@!@ENDMSG 2221 @!@!@
@!@!@STARTMSG 2221:0 @!@!@
  line 263, col 22 to line 263, col 60 of module mutex_merz: 352
@!@!@ENDMSG 2221 @!@!@
@!@!@STARTMSG 2221:0 @!@!@
  line 264, col 35 to line 264, col 43 of module mutex_merz: 352
@!@!@ENDMSG 2221 @!@!@
@!@!@STARTMSG 2221:0 @!@!@
  line 264, col 46 to line 264, col 48 of module mutex_merz: 352
@!@!@ENDMSG 2221 @!@!@
@!@!@STARTMSG 2221:0 @!@!@
  line 264, col 51 to line 264, col 55 of module mutex_merz: 352
@!@!@ENDMSG 2221 @!@!@
@!@!@STARTMSG 2221:0 @!@!@
  line 264, col 58 to line 264, col 61 of module mutex_merz: 352
@!@!@ENDMSG 2221 @!@!@
@!@!@STARTMSG 2221:0 @!@!@
  line 264, col 64 to line 264, col 72 of module mutex_merz: 352
@!@!@ENDMSG 2221 @!@!@
@!@!@STARTMSG 2221:0 @!@!@
  line 270, col 33 to line 270, col 71 of module mutex_merz: 352
@!@!@ENDMSG 2221 @!@!@
@!@!@STARTMSG 2221:0 @!@!@
  line 271, col 33 to line 271, col 43 of module mutex_merz: 352
@!@!@ENDMSG 2221 @!@!@
@!@!@STARTMSG 2221:0 @!@!@
  line 272, col 46 to line 272, col 54 of module mutex_merz: 352
@!@!@ENDMSG 2221 @!@!@
@!@!@STARTMSG 2221:0 @!@!@
  line 272, col 57 to line 272, col 60 of module mutex_merz: 352
@!@!@ENDMSG 2221 @!@!@
@!@!@STARTMSG 2221:0 @!@!@
  line 272, col 63 to line 272, col 71 of module mutex_merz: 352
@!@!@ENDMSG 2221 @!@!@
@!@!@STARTMSG 2221:0 @!@!@
  line 288, col 78 to line 288, col 116 of module mutex_merz: 25
@!@!@ENDMSG 2221 @!@!@
@!@!@STARTMSG 2221:0 @!@!@
  line 289, col 78 to line 289, col 101 of module mutex_merz: 25
@!@!@ENDMSG 2221 @!@!@
@!@!@STARTMSG 2221:0 @!@!@
  line 290, col 78 to line 290, col 88 of module mutex_merz: 25
@!@!@ENDMSG 2221 @!@!@
@!@!@STARTMSG 2221:0 @!@!@
  line 291, col 78 to line 291, col 115 of module mutex_merz: 25
@!@!@ENDMSG 2221 @!@!@
@!@!@STARTMSG 2221:0 @!@!@
  line 292, col 78 to line 294, col 133 of module mutex_merz: 25
@!@!@ENDMSG 2221 @!@!@
@!@!@STARTMSG 2221:0 @!@!@
  line 295, col 78 to line 295, col 116 of module mutex_merz: 25
@!@!@ENDMSG 2221 @!@!@
@!@!@STARTMSG 2221:0 @!@!@
  line 296, col 78 to line 296, col 101 of module mutex_merz: 25
@!@!@ENDMSG 2221 @!@!@
@!@!@STARTMSG 2221:0 @!@!@
  line 297, col 78 to line 297, col 88 of module mutex_merz: 25
@!@!@ENDMSG 2221 @!@!@
@!@!@STARTMSG 2221:0 @!@!@
  line 298, col 78 to line 298, col 115 of module mutex_merz: 25
@!@!@ENDMSG 2221 @!@!@
@!@!@STARTMSG 2221:0 @!@!@
  line 299, col 78 to line 301, col 133 of module mutex_merz: 25
@!@!@ENDMSG 2221 @!@!@
@!@!@STARTMSG 2221:0 @!@!@
  line 309, col 89 to line 309, col 127 of module mutex_merz: 15
@!@!@ENDMSG 2221 @!@!@
@!@!@STARTMSG 2221:0 @!@!@
  line 310, col 89 to line 310, col 111 of module mutex_merz: 15
@!@!@ENDMSG 2221 @!@!@
@!@!@STARTMSG 2221:0 @!@!@
  line 311, col 89 to line 311, col 99 of module mutex_merz: 15
@!@!@ENDMSG 2221 @!@!@
@!@!@STARTMSG 2221:0 @!@!@
  line 312, col 89 to line 312, col 126 of module mutex_merz: 15
@!@!@ENDMSG 2221 @!@!@
@!@!@STARTMSG 2221:0 @!@!@
  line 313, col 89 to line 315, col 144 of module mutex_merz: 15
@!@!@ENDMSG 2221 @!@!@
@!@!@STARTMSG 2221:0 @!@!@
  line 316, col 89 to line 316, col 127 of module mutex_merz: 15
@!@!@ENDMSG 2221 @!@!@
@!@!@STARTMSG 2221:0 @!@!@
  line 317, col 89 to line 317, col 111 of module mutex_merz: 15
@!@!@ENDMSG 2221 @!@!@
@!@!@STARTMSG 2221:0 @!@!@
  line 318, col 89 to line 318, col 99 of module mutex_merz: 15
@!@!@ENDMSG 2221 @!@!@
@!@!@STARTMSG 2221:0 @!@!@
  line 319, col 89 to line 319, col 126 of module mutex_merz: 15
@!@!@ENDMSG 2221 @!@!@
@!@!@STARTMSG 2221:0 @!@!@
  line 320, col 89 to line 322, col 144 of module mutex_merz: 15
@!@!@ENDMSG 2221 @!@!@
@!@!@STARTMSG 2221:0 @!@!@
  line 327, col 89 to line 327, col 127 of module mutex_merz: 31
@!@!@ENDMSG 2221 @!@!@
@!@!@STARTMSG 2221:0 @!@!@
  line 328, col 89 to line 328, col 111 of module mutex_merz: 31
@!@!@ENDMSG 2221 @!@!@
@!@!@STARTMSG 2221:0 @!@!@
  line 329, col 89 to line 329, col 99 of module mutex_merz: 31
@!@!@ENDMSG 2221 @!@!@
@!@!@STARTMSG 2221:0 @!@!@
  line 330, col 89 to line 330, col 126 of module mutex_merz: 31
@!@!@ENDMSG 2221 @!@!@
@!@!@STARTMSG 2221:0 @!@!@
  line 331, col 89 to line 332, col 144 of module mutex_merz: 31
@!@!@ENDMSG 2221 @!@!@
@!@!@STARTMSG 2221:0 @!@!@
  line 333, col 89 to line 333, col 127 of module mutex_merz: 31
@!@!@ENDMSG 2221 @!@!@
@!@!@STARTMSG 2221:0 @!@!@
  line 334, col 89 to line 334, col 111 of module mutex_merz: 31
@!@!@ENDMSG 2221 @!@!@
@!@!@STARTMSG 2221:0 @!@!@
  line 335, col 89 to line 335, col 99 of module mutex_merz: 31
@!@!@ENDMSG 2221 @!@!@
@!@!@STARTMSG 2221:0 @!@!@
  line 336, col 89 to line 336, col 126 of module mutex_merz: 31
@!@!@ENDMSG 2221 @!@!@
@!@!@STARTMSG 2221:0 @!@!@
  line 337, col 89 to line 338, col 144 of module mutex_merz: 31
@!@!@ENDMSG 2221 @!@!@
@!@!@STARTMSG 2221:0 @!@!@
  line 341, col 67 to line 341, col 105 of module mutex_merz: 281
@!@!@ENDMSG 2221 @!@!@
@!@!@STARTMSG 2221:0 @!@!@
  line 342, col 67 to line 342, col 77 of module mutex_merz: 281
@!@!@ENDMSG 2221 @!@!@
@!@!@STARTMSG 2221:0 @!@!@
  line 343, col 67 to line 343, col 105 of module mutex_merz: 281
@!@!@ENDMSG 2221 @!@!@
@!@!@STARTMSG 2221:0 @!@!@
  line 344, col 67 to line 344, col 77 of module mutex_merz: 281
@!@!@ENDMSG 2221 @!@!@
@!@!@STARTMSG 2221:0 @!@!@
  line 345, col 69 to line 345, col 77 of module mutex_merz: 562
@!@!@ENDMSG 2221 @!@!@
@!@!@STARTMSG 2221:0 @!@!@
  line 346, col 69 to line 346, col 72 of module mutex_merz: 562
@!@!@ENDMSG 2221 @!@!@
@!@!@STARTMSG 2221:0 @!@!@
  line 347, col 69 to line 347, col 77 of module mutex_merz: 562
@!@!@ENDMSG 2221 @!@!@
@!@!@STARTMSG 2221:0 @!@!@
  line 348, col 44 to line 348, col 82 of module mutex_merz: 0
@!@!@ENDMSG 2221 @!@!@
@!@!@STARTMSG 2221:0 @!@!@
  line 349, col 57 to line 349, col 65 of module mutex_merz: 0
@!@!@ENDMSG 2221 @!@!@
@!@!@STARTMSG 2221:0 @!@!@
  line 349, col 68 to line 349, col 70 of module mutex_merz: 0
@!@!@ENDMSG 2221 @!@!@
@!@!@STARTMSG 2221:0 @!@!@
  line 349, col 73 to line 349, col 76 of module mutex_merz: 0
@!@!@ENDMSG 2221 @!@!@
@!@!@STARTMSG 2221:0 @!@!@
  line 350, col 57 to line 350, col 65 of module mutex_merz: 0
@!@!@ENDMSG 2221 @!@!@
@!@!@STARTMSG 2221:0 @!@!@
  line 351, col 35 to line 351, col 36 of module mutex_merz: 1056
@!@!@ENDMSG 2221 @!@!@
@!@!@STARTMSG 2221:0 @!@!@
  line 351, col 39 to line 351, col 43 of module mutex_merz: 1056
@!@!@ENDMSG 2221 @!@!@
@!@!@STARTMSG 2221:0 @!@!@
  line 351, col 46 to line 351, col 50 of module mutex_merz: 1056
@!@!@ENDMSG 2221 @!@!@
@!@!@STARTMSG 2221:0 @!@!@
  line 356, col 22 to line 356, col 39 of module mutex_merz: 352
@!@!@ENDMSG 2221 @!@!@
@!@!@STARTMSG 2221:0 @!@!@
  line 357, col 22 to line 357, col 62 of module mutex_merz: 352
@!@!@ENDMSG 2221 @!@!@
@!@!@STARTMSG 2221:0 @!@!@
  line 358, col 22 to line 358, col 59 of module mutex_merz: 352
@!@!@ENDMSG 2221 @!@!@
@!@!@STARTMSG 2221:0 @!@!@
  line 359, col 35 to line 359, col 43 of module mutex_merz: 352
@!@!@ENDMSG 2221 @!@!@
@!@!@STARTMSG 2221:0 @!@!@
  line 359, col 46 to line 359, col 48 of module mutex_merz: 352
@!@!@ENDMSG 2221 @!@!@
@!@!@STARTMSG 2221:0 @!@!@
  line 359, col 51 to line 359, col 55 of module mutex_merz: 352
@!@!@ENDMSG 2221 @!@!@
@!@!@STARTMSG 2221:0 @!@!@
  line 359, col 58 to line 359, col 61 of module mutex_merz: 352
@!@!@ENDMSG 2221 @!@!@
@!@!@STARTMSG 2221:0 @!@!@
  line 359, col 64 to line 359, col 72 of module mutex_merz: 352
@!@!@ENDMSG 2221 @!@!@
@!@!@STARTMSG 2221:0 @!@!@
  line 364, col 21 to line 364, col 69 of module mutex_merz: 562
@!@!@ENDMSG 2221 @!@!@
@!@!@STARTMSG 2221:0 @!@!@
  line 365, col 21 to line 365, col 72 of module mutex_merz: 562
@!@!@ENDMSG 2221 @!@!@
@!@!@STARTMSG 2221:0 @!@!@
  line 366, col 21 to line 366, col 58 of module mutex_merz: 562
@!@!@ENDMSG 2221 @!@!@
@!@!@STARTMSG 2221:0 @!@!@
  line 367, col 34 to line 367, col 42 of module mutex_merz: 562
@!@!@ENDMSG 2221 @!@!@
@!@!@STARTMSG 2221:0 @!@!@
  line 367, col 45 to line 367, col 47 of module mutex_merz: 562
@!@!@ENDMSG 2221 @!@!@
@!@!@STARTMSG 2221:0 @!@!@
  line 367, col 50 to line 367, col 51 of module mutex_merz: 562
@!@!@ENDMSG 2221 @!@!@
@!@!@STARTMSG 2221:0 @!@!@
  line 367, col 54 to line 367, col 58 of module mutex_merz: 562
@!@!@ENDMSG 2221 @!@!@
@!@!@STARTMSG 2221:0 @!@!@
  line 367, col 61 to line 367, col 69 of module mutex_merz: 562
@!@!@ENDMSG 2221 @!@!@
@!@!@STARTMSG 2221:0 @!@!@
  line 375, col 29 to line 375, col 62 of module mutex_merz: 42
@!@!@ENDMSG 2221 @!@!@
@!@!@STARTMSG 2221:0 @!@!@
  line 376, col 29 to line 376, col 63 of module mutex_merz: 20
@!@!@ENDMSG 2221 @!@!@
@!@!@STARTMSG 2221:0 @!@!@
  line 377, col 31 to line 377, col 39 of module mutex_merz: 62
@!@!@ENDMSG 2221 @!@!@
@!@!@STARTMSG 2221:0 @!@!@
  line 377, col 42 to line 377, col 44 of module mutex_merz: 62
@!@!@ENDMSG 2221 @!@!@
@!@!@STARTMSG 2221:0 @!@!@
  line 377, col 47 to line 377, col 48 of module mutex_merz: 62
@!@!@ENDMSG 2221 @!@!@
@!@!@STARTMSG 2221:0 @!@!@
  line 377, col 51 to line 377, col 55 of module mutex_merz: 62
@!@!@ENDMSG 2221 @!@!@
@!@!@STARTMSG 2221:0 @!@!@
  line 377, col 58 to line 377, col 62 of module mutex_merz: 62
@!@!@ENDMSG 2221 @!@!@
@!@!@STARTMSG 2221:0 @!@!@
  line 377, col 65 to line 377, col 68 of module mutex_merz: 62
@!@!@ENDMSG 2221 @!@!@
@!@!@STARTMSG 2221:0 @!@!@
  line 378, col 31 to line 378, col 39 of module mutex_merz: 62
@!@!@ENDMSG 2221 @!@!@
@!@!@STARTMSG 2221:0 @!@!@
  line 382, col 23 to line 384, col 72 of module mutex_merz: 62
@!@!@ENDMSG 2221 @!@!@
@!@!@STARTMSG 2221:0 @!@!@
  line 385, col 23 to line 385, col 58 of module mutex_merz: 62
@!@!@ENDMSG 2221 @!@!@
@!@!@STARTMSG 2221:0 @!@!@
  line 386, col 33 to line 386, col 36 of module mutex_merz: 62
@!@!@ENDMSG 2221 @!@!@
@!@!@STARTMSG 2221:0 @!@!@
  line 388, col 23 to line 391, col 72 of module mutex_merz: 62
@!@!@ENDMSG 2221 @!@!@
@!@!@STARTMSG 2221:0 @!@!@
  line 392, col 23 to line 392, col 61 of module mutex_merz: 62
@!@!@ENDMSG 2221 @!@!@
@!@!@STARTMSG 2221:0 @!@!@
  line 393, col 23 to line 393, col 60 of module mutex_merz: 62
@!@!@ENDMSG 2221 @!@!@
@!@!@STARTMSG 2221:0 @!@!@
  line 394, col 30 to line 394, col 38 of module mutex_merz: 124
@!@!@ENDMSG 2221 @!@!@
@!@!@STARTMSG 2221:0 @!@!@
  line 394, col 41 to line 394, col 43 of module mutex_merz: 124
@!@!@ENDMSG 2221 @!@!@
@!@!@STARTMSG 2221:0 @!@!@
  line 394, col 46 to line 394, col 47 of module mutex_merz: 124
@!@!@ENDMSG 2221 @!@!@
@!@!@STARTMSG 2221:0 @!@!@
  line 394, col 50 to line 394, col 54 of module mutex_merz: 124
@!@!@ENDMSG 2221 @!@!@
@!@!@STARTMSG 2221:0 @!@!@
  line 394, col 57 to line 394, col 65 of module mutex_merz: 124
@!@!@ENDMSG 2221 @!@!@
@!@!@STARTMSG 2221:0 @!@!@
  line 398, col 22 to line 398, col 55 of module mutex_merz: 62
@!@!@ENDMSG 2221 @!@!@
@!@!@STARTMSG 2221:0 @!@!@
  line 399, col 35 to line 399, col 43 of module mutex_merz: 62
@!@!@ENDMSG 2221 @!@!@
@!@!@STARTMSG 2221:0 @!@!@
  line 399, col 46 to line 399, col 48 of module mutex_merz: 62
@!@!@ENDMSG 2221 @!@!@
@!@!@STARTMSG 2221:0 @!@!@
  line 399, col 51 to line 399, col 52 of module mutex_merz: 62
@!@!@ENDMSG 2221 @!@!@
@!@!@STARTMSG 2221:0 @!@!@
  line 399, col 55 to line 399, col 59 of module mutex_merz: 62
@!@!@ENDMSG 2221 @!@!@
@!@!@STARTMSG 2221:0 @!@!@
  line 399, col 62 to line 399, col 66 of module mutex_merz: 62
@!@!@ENDMSG 2221 @!@!@
@!@!@STARTMSG 2221:0 @!@!@
  line 399, col 69 to line 399, col 72 of module mutex_merz: 62
@!@!@ENDMSG 2221 @!@!@
@!@!@STARTMSG 2221:0 @!@!@
  line 400, col 35 to line 400, col 43 of module mutex_merz: 62
@!@!@ENDMSG 2221 @!@!@
@!@!@STARTMSG 2221:0 @!@!@
  line 406, col 28 to line 409, col 77 of module mutex_merz: 290
@!@!@ENDMSG 2221 @!@!@
@!@!@STARTMSG 2221:0 @!@!@
  line 410, col 28 to line 410, col 66 of module mutex_merz: 290
@!@!@ENDMSG 2221 @!@!@
@!@!@STARTMSG 2221:0 @!@!@
  line 411, col 28 to line 411, col 65 of module mutex_merz: 290
@!@!@ENDMSG 2221 @!@!@
@!@!@STARTMSG 2221:0 @!@!@
  line 412, col 28 to line 412, col 60 of module mutex_merz: 20
@!@!@ENDMSG 2221 @!@!@
@!@!@STARTMSG 2221:0 @!@!@
  line 413, col 41 to line 413, col 45 of module mutex_merz: 20
@!@!@ENDMSG 2221 @!@!@
@!@!@STARTMSG 2221:0 @!@!@
  line 413, col 48 to line 413, col 51 of module mutex_merz: 20
@!@!@ENDMSG 2221 @!@!@
@!@!@STARTMSG 2221:0 @!@!@
  line 414, col 30 to line 414, col 38 of module mutex_merz: 310
@!@!@ENDMSG 2221 @!@!@
@!@!@STARTMSG 2221:0 @!@!@
  line 414, col 41 to line 414, col 43 of module mutex_merz: 310
@!@!@ENDMSG 2221 @!@!@
@!@!@STARTMSG 2221:0 @!@!@
  line 414, col 46 to line 414, col 47 of module mutex_merz: 310
@!@!@ENDMSG 2221 @!@!@
@!@!@STARTMSG 2221:0 @!@!@
  line 414, col 50 to line 414, col 54 of module mutex_merz: 310
@!@!@ENDMSG 2221 @!@!@
@!@!@STARTMSG 2221:0 @!@!@
  line 414, col 57 to line 414, col 65 of module mutex_merz: 310
@!@!@ENDMSG 2221 @!@!@
@!@!@STARTMSG 2221:0 @!@!@
  line 427, col 19 to line 427, col 52 of module mutex_merz: 306
@!@!@ENDMSG 2221 @!@!@
@!@!@STARTMSG 2221:0 @!@!@
  line 428, col 19 to line 428, col 78 of module mutex_merz: 306
@!@!@ENDMSG 2221 @!@!@
@!@!@STARTMSG 2221:0 @!@!@
  line 429, col 32 to line 429, col 40 of module mutex_merz: 306
@!@!@ENDMSG 2221 @!@!@
@!@!@STARTMSG 2221:0 @!@!@
  line 429, col 43 to line 429, col 45 of module mutex_merz: 306
@!@!@ENDMSG 2221 @!@!@
@!@!@STARTMSG 2221:0 @!@!@
  line 429, col 48 to line 429, col 49 of module mutex_merz: 306
@!@!@ENDMSG 2221 @!@!@
@!@!@STARTMSG 2221:0 @!@!@
  line 429, col 52 to line 429, col 56 of module mutex_merz: 306
@!@!@ENDMSG 2221 @!@!@
@!@!@STARTMSG 2221:0 @!@!@
  line 429, col 59 to line 429, col 63 of module mutex_merz: 306
@!@!@ENDMSG 2221 @!@!@
@!@!@STARTMSG 2221:0 @!@!@
  line 429, col 66 to line 429, col 69 of module mutex_merz: 306
@!@!@ENDMSG 2221 @!@!@
@!@!@STARTMSG 2221:0 @!@!@
  line 434, col 16 to line 434, col 50 of module mutex_merz: 20
@!@!@ENDMSG 2221 @!@!@
@!@!@STARTMSG 2221:0 @!@!@
  line 435, col 29 to line 435, col 37 of module mutex_merz: 20
@!@!@ENDMSG 2221 @!@!@
@!@!@STARTMSG 2221:0 @!@!@
  line 435, col 40 to line 435, col 42 of module mutex_merz: 20
@!@!@ENDMSG 2221 @!@!@
@!@!@STARTMSG 2221:0 @!@!@
  line 435, col 45 to line 435, col 46 of module mutex_merz: 20
@!@!@ENDMSG 2221 @!@!@
@!@!@STARTMSG 2221:0 @!@!@
  line 435, col 49 to line 435, col 53 of module mutex_merz: 20
@!@!@ENDMSG 2221 @!@!@
@!@!@STARTMSG 2221:0 @!@!@
  line 435, col 56 to line 435, col 60 of module mutex_merz: 20
@!@!@ENDMSG 2221 @!@!@
@!@!@STARTMSG 2221:0 @!@!@
  line 435, col 63 to line 435, col 66 of module mutex_merz: 20
@!@!@ENDMSG 2221 @!@!@
@!@!@STARTMSG 2221:0 @!@!@
  line 435, col 69 to line 435, col 77 of module mutex_merz: 20
@!@!@ENDMSG 2221 @!@!@
@!@!@STARTMSG 2221:0 @!@!@
  line 440, col 18 to line 442, col 67 of module mutex_merz: 20
@!@!@ENDMSG 2221 @!@!@
@!@!@STARTMSG 2221:0 @!@!@
  line 443, col 18 to line 443, col 53 of module mutex_merz: 20
@!@!@ENDMSG 2221 @!@!@
@!@!@STARTMSG 2221:0 @!@!@
  line 444, col 18 to line 444, col 77 of module mutex_merz: 20
@!@!@ENDMSG 2221 @!@!@
@!@!@STARTMSG 2221:0 @!@!@
  line 445, col 31 to line 445, col 39 of module mutex_merz: 20
@!@!@ENDMSG 2221 @!@!@
@!@!@STARTMSG 2221:0 @!@!@
  line 445, col 42 to line 445, col 44 of module mutex_merz: 20
@!@!@ENDMSG 2221 @!@!@
@!@!@STARTMSG 2221:0 @!@!@
  line 445, col 47 to line 445, col 48 of module mutex_merz: 20
@!@!@ENDMSG 2221 @!@!@
@!@!@STARTMSG 2221:0 @!@!@
  line 445, col 51 to line 445, col 55 of module mutex_merz: 20
@!@!@ENDMSG 2221 @!@!@
@!@!@STARTMSG 2221:0 @!@!@
  line 445, col 58 to line 445, col 61 of module mutex_merz: 20
@!@!@ENDMSG 2221 @!@!@
@!@!@STARTMSG 2202:0 @!@!@
End of statistics.
@!@!@ENDMSG 2202 @!@!@
@!@!@STARTMSG 2200:0 @!@!@
Progress(109) at 2015-10-05 20:47:22: 3709 states generated (78,803 s/min), 2660 distinct states found (56,515 ds/min), 0 states left on queue.
@!@!@ENDMSG 2200 @!@!@
@!@!@STARTMSG 2199:0 @!@!@
3709 states generated, 2660 distinct states found, 0 states left on queue.
@!@!@ENDMSG 2199 @!@!@
@!@!@STARTMSG 2186:0 @!@!@
Finished. (2015-10-05 20:47:22)
@!@!@ENDMSG 2186 @!@!@
